Using pre-set license
Built from '2022.3/staging' branch; Version is '2022.3.9f1 (ea401c316338) revision 15351836'; Using compiler version '192829333'; Build Type 'Release'
OS: 'Windows 11  (10.0.22631) 64bit Professional' Language: 'en' Physical Memory: 16306 MB
BatchMode: 1, IsHumanControllingUs: 0, StartBugReporterOnCrash: 0, Is64bit: 1, IsPro: 1

COMMAND LINE ARGUMENTS:
S:\unity\unity\2022.3.9f1\Editor\Unity.exe
-adb2
-batchMode
-noUpm
-name
AssetImportWorker9
-projectPath
S:/Unity Tower Defense/Tower Defense
-logFile
Logs/AssetImportWorker9.log
-srvPort
54462
Successfully changed project path to: S:/Unity Tower Defense/Tower Defense
S:/Unity Tower Defense/Tower Defense
[UnityMemory] Configuration Parameters - Can be set up in boot.config
    "memorysetup-bucket-allocator-granularity=16"
    "memorysetup-bucket-allocator-bucket-count=8"
    "memorysetup-bucket-allocator-block-size=33554432"
    "memorysetup-bucket-allocator-block-count=8"
    "memorysetup-main-allocator-block-size=16777216"
    "memorysetup-thread-allocator-block-size=16777216"
    "memorysetup-gfx-main-allocator-block-size=16777216"
    "memorysetup-gfx-thread-allocator-block-size=16777216"
    "memorysetup-cache-allocator-block-size=4194304"
    "memorysetup-typetree-allocator-block-size=2097152"
    "memorysetup-profiler-bucket-allocator-granularity=16"
    "memorysetup-profiler-bucket-allocator-bucket-count=8"
    "memorysetup-profiler-bucket-allocator-block-size=33554432"
    "memorysetup-profiler-bucket-allocator-block-count=8"
    "memorysetup-profiler-allocator-block-size=16777216"
    "memorysetup-profiler-editor-allocator-block-size=1048576"
    "memorysetup-temp-allocator-size-main=16777216"
    "memorysetup-job-temp-allocator-block-size=2097152"
    "memorysetup-job-temp-allocator-block-size-background=1048576"
    "memorysetup-job-temp-allocator-reduction-small-platforms=262144"
    "memorysetup-allocator-temp-initial-block-size-main=262144"
    "memorysetup-allocator-temp-initial-block-size-worker=262144"
    "memorysetup-temp-allocator-size-background-worker=32768"
    "memorysetup-temp-allocator-size-job-worker=262144"
    "memorysetup-temp-allocator-size-preload-manager=33554432"
    "memorysetup-temp-allocator-size-nav-mesh-worker=65536"
    "memorysetup-temp-allocator-size-audio-worker=65536"
    "memorysetup-temp-allocator-size-cloud-worker=32768"
    "memorysetup-temp-allocator-size-gi-baking-worker=262144"
    "memorysetup-temp-allocator-size-gfx=262144"
Player connection [26028] Host "[IP] 10.0.0.118 [Port] 0 [Flags] 2 [Guid] 1800186313 [EditorId] 1800186313 [Version] 1048832 [Id] WindowsEditor(7,KAUSHAL-RIG) [Debug] 1 [PackageName] WindowsEditor [ProjectName] Editor" joined multi-casting on [225.0.0.222:54997]...

Player connection [26028] Host "[IP] 10.0.0.118 [Port] 0 [Flags] 2 [Guid] 1800186313 [EditorId] 1800186313 [Version] 1048832 [Id] WindowsEditor(7,KAUSHAL-RIG) [Debug] 1 [PackageName] WindowsEditor [ProjectName] Editor" joined alternative multi-casting on [225.0.0.222:34997]...

[Physics::Module] Initialized MultithreadedJobDispatcher with 15 workers.
Refreshing native plugins compatible for Editor in 5.03 ms, found 3 plugins.
Preloading 0 native plugins for Editor in 0.00 ms.
Initialize engine version: 2022.3.9f1 (ea401c316338)
[Subsystems] Discovering subsystems at path S:/unity/unity/2022.3.9f1/Editor/Data/Resources/UnitySubsystems
[Subsystems] Discovering subsystems at path S:/Unity Tower Defense/Tower Defense/Assets
GfxDevice: creating device client; threaded=0; jobified=0
Direct3D:
    Version:  Direct3D 11.0 [level 11.1]
    Renderer: NVIDIA GeForce RTX 3060 (ID=0x2504)
    Vendor:   NVIDIA
    VRAM:     12115 MB
    Driver:   32.0.15.6590
Initialize mono
Mono path[0] = 'S:/unity/unity/2022.3.9f1/Editor/Data/Managed'
Mono path[1] = 'S:/unity/unity/2022.3.9f1/Editor/Data/MonoBleedingEdge/lib/mono/unityjit-win32'
Mono config path = 'S:/unity/unity/2022.3.9f1/Editor/Data/MonoBleedingEdge/etc'
Using monoOptions --debugger-agent=transport=dt_socket,embedding=1,server=y,suspend=n,address=127.0.0.1:56588
Begin MonoManager ReloadAssembly
Registering precompiled unity dll's ...
Register platform support module: S:/unity/unity/2022.3.9f1/Editor/Data/PlaybackEngines/WebGLSupport/UnityEditor.WebGL.Extensions.dll
Register platform support module: S:/unity/unity/2022.3.9f1/Editor/Data/PlaybackEngines/WindowsStandaloneSupport/UnityEditor.WindowsStandalone.Extensions.dll
Registered in 0.002765 seconds.
- Loaded All Assemblies, in  0.274 seconds
Native extension for WindowsStandalone target not found
Native extension for WebGL target not found
Mono: successfully reloaded assembly
- Finished resetting the current domain, in  0.190 seconds
Domain Reload Profiling: 464ms
	BeginReloadAssembly (78ms)
		ExecutionOrderSort (0ms)
		DisableScriptedObjects (0ms)
		BackupInstance (0ms)
		ReleaseScriptingObjects (0ms)
		CreateAndSetChildDomain (1ms)
	RebuildCommonClasses (29ms)
	RebuildNativeTypeToScriptingClass (11ms)
	initialDomainReloadingComplete (41ms)
	LoadAllAssembliesAndSetupDomain (115ms)
		LoadAssemblies (77ms)
		RebuildTransferFunctionScriptingTraits (0ms)
		AnalyzeDomain (114ms)
			TypeCache.Refresh (113ms)
				TypeCache.ScanAssembly (103ms)
			ScanForSourceGeneratedMonoScriptInfo (0ms)
			ResolveRequiredComponents (0ms)
	FinalizeReload (190ms)
		ReleaseScriptCaches (0ms)
		RebuildScriptCaches (0ms)
		SetupLoadedEditorAssemblies (146ms)
			LogAssemblyErrors (0ms)
			InitializePlatformSupportModulesInManaged (6ms)
			SetLoadedEditorAssemblies (4ms)
			RefreshPlugins (0ms)
			BeforeProcessingInitializeOnLoad (2ms)
			ProcessInitializeOnLoadAttributes (97ms)
			ProcessInitializeOnLoadMethodAttributes (38ms)
			AfterProcessingInitializeOnLoad (0ms)
			EditorAssembliesLoaded (0ms)
		ExecutionOrderSort2 (0ms)
		AwakeInstancesAfterBackupRestoration (0ms)
========================================================================
Worker process is ready to serve import requests
Begin MonoManager ReloadAssembly
- Loaded All Assemblies, in  0.426 seconds
Refreshing native plugins compatible for Editor in 2.03 ms, found 3 plugins.
Native extension for WindowsStandalone target not found
Native extension for WebGL target not found
Package Manager log level set to [2]
[Package Manager] Server::EnsureServerProcessIsRunning -- launch failed, reason: Unity was launched with the -noUpm command-line argument
[Package Manager] UpmClient::Send -- Unable to send message (not connected to UPM process).
[Package Manager] Cannot connect to Unity Package Manager local server
Mono: successfully reloaded assembly
- Finished resetting the current domain, in  0.597 seconds
Domain Reload Profiling: 1024ms
	BeginReloadAssembly (105ms)
		ExecutionOrderSort (0ms)
		DisableScriptedObjects (4ms)
		BackupInstance (0ms)
		ReleaseScriptingObjects (0ms)
		CreateAndSetChildDomain (16ms)
	RebuildCommonClasses (27ms)
	RebuildNativeTypeToScriptingClass (10ms)
	initialDomainReloadingComplete (29ms)
	LoadAllAssembliesAndSetupDomain (255ms)
		LoadAssemblies (167ms)
		RebuildTransferFunctionScriptingTraits (0ms)
		AnalyzeDomain (145ms)
			TypeCache.Refresh (126ms)
				TypeCache.ScanAssembly (113ms)
			ScanForSourceGeneratedMonoScriptInfo (11ms)
			ResolveRequiredComponents (6ms)
	FinalizeReload (597ms)
		ReleaseScriptCaches (0ms)
		RebuildScriptCaches (0ms)
		SetupLoadedEditorAssemblies (482ms)
			LogAssemblyErrors (0ms)
			InitializePlatformSupportModulesInManaged (4ms)
			SetLoadedEditorAssemblies (2ms)
			RefreshPlugins (0ms)
			BeforeProcessingInitializeOnLoad (40ms)
			ProcessInitializeOnLoadAttributes (420ms)
			ProcessInitializeOnLoadMethodAttributes (14ms)
			AfterProcessingInitializeOnLoad (2ms)
			EditorAssembliesLoaded (0ms)
		ExecutionOrderSort2 (0ms)
		AwakeInstancesAfterBackupRestoration (6ms)
Launched and connected shader compiler UnityShaderCompiler.exe after 0.04 seconds
Refreshing native plugins compatible for Editor in 1.39 ms, found 3 plugins.
Preloading 0 native plugins for Editor in 0.00 ms.
Unloading 3415 Unused Serialized files (Serialized files now loaded: 0)
Unloading 35 unused Assets / (347.1 KB). Loaded Objects now: 3885.
Memory consumption went from 136.3 MB to 136.0 MB.
Total: 3.179600 ms (FindLiveObjects: 0.247100 ms CreateObjectMapping: 0.096000 ms MarkObjects: 2.687000 ms  DeleteObjects: 0.148700 ms)

AssetImportParameters requested are different than current active one (requested -> active):
  custom:container-demuxer-ogg: 62fdf1f143b41e24485cea50d1cbac27 -> 
  custom:scripting/monoscript/fileName/TestMessage.cs: c151c514111c3e4bdd8c24aa841dfbfe -> 
  custom:scripting/monoscript/fileName/Movement2D.cs: 1cf81e42337f4735d467a8ce2f3ac35e -> 
  custom:video-decoder-ogg-theora: a1e56fd34408186e4bbccfd4996cb3dc -> 
  custom:framework-win-MediaFoundation: 216162199b28c13a410421893ffa2e32 -> 
  custom:CustomObjectIndexerAttribute: 756ad292c208cfabdd7b50bc23989ffe -> 
  custom:container-demuxer-webm: 4f35f7cbe854078d1ac9338744f61a02 -> 
  custom:scripting/monoscript/fileName/ClickMovement.cs: fbdd972bf30b929a6f7e129e91bb41e9 -> 
  custom:scripting/monoscript/fileName/DialogueUI.cs: a2104b8f7520c27bb29c5145452c68af -> 
  custom:scripting/monoscript/fileName/ShinjiDialogue.cs: 82554c4a114386d5eb392d1c098b2580 -> 
  custom:scripting/monoscript/fileName/Door.cs: e594c8ff05d11b07988fd85149762f72 -> 
  custom:container-muxer-webm: aa71ff27fc2769a1b78a27578f13a17b -> 
  custom:video-decoder-webm-vp8: 9c59270c3fd7afecdb556c50c9e8de78 -> 
  custom:SearchIndexIgnoredProperties: e643bd26f0fe6173181afceb89e7c659 -> 
  custom:AudioImporter_EditorPlatform: d09bf68614088b80899f8185d706f6e7 -> 
  custom:scripting/monoscript/fileName/Shinji Dialogue.cs: 82554c4a114386d5eb392d1c098b2580 -> 
  custom:scripting/monoscript/fileName/DialogManager.cs: bce1a4c8a52dfb710215df45053e548a -> 
  custom:scripting/monoscript/fileName/Dialogue.cs: 2dcb33d5ca63a35e90533ce3223d831c -> 
  custom:scripting/monoscript/fileName/Character.cs: 92ed833291b4b14c6c9e5a9123740bd2 -> 
  custom:scripting/monoscript/fileName/DialogueManager.cs: f8dbcf8c22a3753ba565d59d7316a62b -> 2dcb33d5ca63a35e90533ce3223d831c
  custom:scripting/monoscript/fileName/DialogueTrigger.cs: 6892ca3e8a39dce550b1fdeb80bddaa1 -> 
  custom:video-encoder-webm-vp8: eb34c28f22e8b96e1ab97ce403110664 -> 
  custom:audio-decoder-ogg-vorbis: bf7c407c2cedff20999df2af8eb42d56 -> 
  custom:scripting/monoscript/fileName/FollowTarget.cs: 63124a3107f1b26a367b11384bde8238 -> 
  custom:scripting/monoscript/fileName/TestMessage_Selection.cs: 98c28a7e613d293aa99b5eeecc980928 -> 
  custom:scripting/monoscript/fileName/SimpleNavAgentAnimation.cs: cf5684c82edbfbb294ad92f66754ec70 -> 
  custom:scripting/monoscript/fileName/DialogueCharacter.cs: 21de41370f05905b9f5a0af418c3205b -> 
  custom:audio-encoder-webm-vorbis: bf7c407c2cedff20999df2af8eb42d56 -> 
  custom:scripting/monoscript/fileName/DialogBase.cs: e52e3f61b4c9bdbe8b79e67f9f99937b -> 
  custom:scripting/monoscript/fileName/EmotionDrawer.cs: bc670e6eba860d8af2c8e07fddf0064b -> 
========================================================================
Received Prepare
Refreshing native plugins compatible for Editor in 1.45 ms, found 3 plugins.
Preloading 0 native plugins for Editor in 0.00 ms.
Unloading 5 Unused Serialized files (Serialized files now loaded: 0)
Unloading 5 unused Assets / (299.0 KB). Loaded Objects now: 3885.
Memory consumption went from 75.0 MB to 74.7 MB.
Total: 3.124000 ms (FindLiveObjects: 0.305700 ms CreateObjectMapping: 0.094300 ms MarkObjects: 2.657800 ms  DeleteObjects: 0.065500 ms)

Prepare: number of updated asset objects reloaded= 0
AssetImportParameters requested are different than current active one (requested -> active):
  custom:container-demuxer-ogg: 62fdf1f143b41e24485cea50d1cbac27 -> 
  custom:scripting/monoscript/fileName/TestMessage.cs: c151c514111c3e4bdd8c24aa841dfbfe -> 
  custom:scripting/monoscript/fileName/Movement2D.cs: 1cf81e42337f4735d467a8ce2f3ac35e -> 
  custom:video-decoder-ogg-theora: a1e56fd34408186e4bbccfd4996cb3dc -> 
  custom:framework-win-MediaFoundation: 216162199b28c13a410421893ffa2e32 -> 
  custom:CustomObjectIndexerAttribute: 756ad292c208cfabdd7b50bc23989ffe -> 
  custom:container-demuxer-webm: 4f35f7cbe854078d1ac9338744f61a02 -> 
  custom:scripting/monoscript/fileName/ClickMovement.cs: fbdd972bf30b929a6f7e129e91bb41e9 -> 
  custom:scripting/monoscript/fileName/DialogueUI.cs: a2104b8f7520c27bb29c5145452c68af -> 
  custom:scripting/monoscript/fileName/ShinjiDialogue.cs: 82554c4a114386d5eb392d1c098b2580 -> 
  custom:scripting/monoscript/fileName/Door.cs: e594c8ff05d11b07988fd85149762f72 -> 
  custom:container-muxer-webm: aa71ff27fc2769a1b78a27578f13a17b -> 
  custom:video-decoder-webm-vp8: 9c59270c3fd7afecdb556c50c9e8de78 -> 
  custom:SearchIndexIgnoredProperties: e643bd26f0fe6173181afceb89e7c659 -> 
  custom:AudioImporter_EditorPlatform: d09bf68614088b80899f8185d706f6e7 -> 
  custom:scripting/monoscript/fileName/Shinji Dialogue.cs: 82554c4a114386d5eb392d1c098b2580 -> 
  custom:scripting/monoscript/fileName/DialogManager.cs: bce1a4c8a52dfb710215df45053e548a -> 
  custom:scripting/monoscript/fileName/Dialogue.cs: 2dcb33d5ca63a35e90533ce3223d831c -> 
  custom:scripting/monoscript/fileName/Character.cs: 92ed833291b4b14c6c9e5a9123740bd2 -> 
  custom:scripting/monoscript/fileName/DialogueManager.cs: f8dbcf8c22a3753ba565d59d7316a62b -> 2dcb33d5ca63a35e90533ce3223d831c
  custom:scripting/monoscript/fileName/DialogueTrigger.cs: 6892ca3e8a39dce550b1fdeb80bddaa1 -> 
  custom:video-encoder-webm-vp8: eb34c28f22e8b96e1ab97ce403110664 -> 
  custom:audio-decoder-ogg-vorbis: bf7c407c2cedff20999df2af8eb42d56 -> 
  custom:scripting/monoscript/fileName/FollowTarget.cs: 63124a3107f1b26a367b11384bde8238 -> 
  custom:scripting/monoscript/fileName/TestMessage_Selection.cs: 98c28a7e613d293aa99b5eeecc980928 -> 
  custom:scripting/monoscript/fileName/SimpleNavAgentAnimation.cs: cf5684c82edbfbb294ad92f66754ec70 -> 
  custom:scripting/monoscript/fileName/DialogueCharacter.cs: 21de41370f05905b9f5a0af418c3205b -> 
  custom:audio-encoder-webm-vorbis: bf7c407c2cedff20999df2af8eb42d56 -> 
  custom:scripting/monoscript/fileName/DialogBase.cs: e52e3f61b4c9bdbe8b79e67f9f99937b -> 
  custom:scripting/monoscript/fileName/EmotionDrawer.cs: bc670e6eba860d8af2c8e07fddf0064b -> 
========================================================================
Received Prepare
Begin MonoManager ReloadAssembly
- Loaded All Assemblies, in  0.291 seconds
Refreshing native plugins compatible for Editor in 2.42 ms, found 3 plugins.
Native extension for WindowsStandalone target not found
Native extension for WebGL target not found
[Package Manager] Server::EnsureServerProcessIsRunning -- launch failed, reason: Unity was launched with the -noUpm command-line argument
[Package Manager] UpmClient::Send -- Unable to send message (not connected to UPM process).
[Package Manager] Cannot connect to Unity Package Manager local server
Mono: successfully reloaded assembly
- Finished resetting the current domain, in  0.818 seconds
Domain Reload Profiling: 1109ms
	BeginReloadAssembly (117ms)
		ExecutionOrderSort (0ms)
		DisableScriptedObjects (4ms)
		BackupInstance (0ms)
		ReleaseScriptingObjects (0ms)
		CreateAndSetChildDomain (28ms)
	RebuildCommonClasses (28ms)
	RebuildNativeTypeToScriptingClass (11ms)
	initialDomainReloadingComplete (18ms)
	LoadAllAssembliesAndSetupDomain (116ms)
		LoadAssemblies (162ms)
		RebuildTransferFunctionScriptingTraits (0ms)
		AnalyzeDomain (14ms)
			TypeCache.Refresh (4ms)
				TypeCache.ScanAssembly (0ms)
			ScanForSourceGeneratedMonoScriptInfo (0ms)
			ResolveRequiredComponents (7ms)
	FinalizeReload (819ms)
		ReleaseScriptCaches (0ms)
		RebuildScriptCaches (0ms)
		SetupLoadedEditorAssemblies (494ms)
			LogAssemblyErrors (0ms)
			InitializePlatformSupportModulesInManaged (4ms)
			SetLoadedEditorAssemblies (2ms)
			RefreshPlugins (0ms)
			BeforeProcessingInitializeOnLoad (41ms)
			ProcessInitializeOnLoadAttributes (431ms)
			ProcessInitializeOnLoadMethodAttributes (14ms)
			AfterProcessingInitializeOnLoad (2ms)
			EditorAssembliesLoaded (0ms)
		ExecutionOrderSort2 (0ms)
		AwakeInstancesAfterBackupRestoration (7ms)
Refreshing native plugins compatible for Editor in 1.64 ms, found 3 plugins.
Preloading 0 native plugins for Editor in 0.00 ms.
Unloading 3374 Unused Serialized files (Serialized files now loaded: 0)
Unloading 26 unused Assets / (317.8 KB). Loaded Objects now: 3888.
Memory consumption went from 127.0 MB to 126.7 MB.
Total: 3.024800 ms (FindLiveObjects: 0.269100 ms CreateObjectMapping: 0.090800 ms MarkObjects: 2.568500 ms  DeleteObjects: 0.095400 ms)

Prepare: number of updated asset objects reloaded= 0
AssetImportParameters requested are different than current active one (requested -> active):
  custom:container-demuxer-ogg: 62fdf1f143b41e24485cea50d1cbac27 -> 
  custom:scripting/monoscript/fileName/TestMessage.cs: c151c514111c3e4bdd8c24aa841dfbfe -> 
  custom:scripting/monoscript/fileName/Movement2D.cs: 1cf81e42337f4735d467a8ce2f3ac35e -> 
  custom:video-decoder-ogg-theora: a1e56fd34408186e4bbccfd4996cb3dc -> 
  custom:framework-win-MediaFoundation: 216162199b28c13a410421893ffa2e32 -> 
  custom:CustomObjectIndexerAttribute: 756ad292c208cfabdd7b50bc23989ffe -> 
  custom:container-demuxer-webm: 4f35f7cbe854078d1ac9338744f61a02 -> 
  custom:scripting/monoscript/fileName/ClickMovement.cs: fbdd972bf30b929a6f7e129e91bb41e9 -> 
  custom:scripting/monoscript/fileName/DialogueUI.cs: a2104b8f7520c27bb29c5145452c68af -> 
  custom:scripting/monoscript/fileName/ShinjiDialogue.cs: 82554c4a114386d5eb392d1c098b2580 -> 
  custom:scripting/monoscript/fileName/Door.cs: e594c8ff05d11b07988fd85149762f72 -> 
  custom:container-muxer-webm: aa71ff27fc2769a1b78a27578f13a17b -> 
  custom:video-decoder-webm-vp8: 9c59270c3fd7afecdb556c50c9e8de78 -> 
  custom:SearchIndexIgnoredProperties: e643bd26f0fe6173181afceb89e7c659 -> 
  custom:AudioImporter_EditorPlatform: d09bf68614088b80899f8185d706f6e7 -> 
  custom:scripting/monoscript/fileName/Shinji Dialogue.cs: 82554c4a114386d5eb392d1c098b2580 -> 
  custom:scripting/monoscript/fileName/DialogManager.cs: bce1a4c8a52dfb710215df45053e548a -> 
  custom:scripting/monoscript/fileName/Dialogue.cs: 2dcb33d5ca63a35e90533ce3223d831c -> 
  custom:scripting/monoscript/fileName/Character.cs: 92ed833291b4b14c6c9e5a9123740bd2 -> 
  custom:scripting/monoscript/fileName/DialogueManager.cs: f8dbcf8c22a3753ba565d59d7316a62b -> 2dcb33d5ca63a35e90533ce3223d831c
  custom:scripting/monoscript/fileName/DialogueTrigger.cs: 6892ca3e8a39dce550b1fdeb80bddaa1 -> 
  custom:video-encoder-webm-vp8: eb34c28f22e8b96e1ab97ce403110664 -> 
  custom:audio-decoder-ogg-vorbis: bf7c407c2cedff20999df2af8eb42d56 -> 
  custom:scripting/monoscript/fileName/FollowTarget.cs: 63124a3107f1b26a367b11384bde8238 -> 
  custom:scripting/monoscript/fileName/TestMessage_Selection.cs: 98c28a7e613d293aa99b5eeecc980928 -> 
  custom:scripting/monoscript/fileName/SimpleNavAgentAnimation.cs: cf5684c82edbfbb294ad92f66754ec70 -> 
  custom:scripting/monoscript/fileName/DialogueCharacter.cs: 21de41370f05905b9f5a0af418c3205b -> 
  custom:audio-encoder-webm-vorbis: bf7c407c2cedff20999df2af8eb42d56 -> 
  custom:scripting/monoscript/fileName/DialogBase.cs: e52e3f61b4c9bdbe8b79e67f9f99937b -> 
  custom:scripting/monoscript/fileName/EmotionDrawer.cs: bc670e6eba860d8af2c8e07fddf0064b -> 
========================================================================
Received Prepare
Begin MonoManager ReloadAssembly
- Loaded All Assemblies, in  0.313 seconds
Refreshing native plugins compatible for Editor in 1.91 ms, found 3 plugins.
Native extension for WindowsStandalone target not found
Native extension for WebGL target not found
[Package Manager] Server::EnsureServerProcessIsRunning -- launch failed, reason: Unity was launched with the -noUpm command-line argument
[Package Manager] UpmClient::Send -- Unable to send message (not connected to UPM process).
[Package Manager] Cannot connect to Unity Package Manager local server
Mono: successfully reloaded assembly
- Finished resetting the current domain, in  0.801 seconds
Domain Reload Profiling: 1115ms
	BeginReloadAssembly (118ms)
		ExecutionOrderSort (0ms)
		DisableScriptedObjects (5ms)
		BackupInstance (0ms)
		ReleaseScriptingObjects (0ms)
		CreateAndSetChildDomain (28ms)
	RebuildCommonClasses (28ms)
	RebuildNativeTypeToScriptingClass (11ms)
	initialDomainReloadingComplete (18ms)
	LoadAllAssembliesAndSetupDomain (138ms)
		LoadAssemblies (169ms)
		RebuildTransferFunctionScriptingTraits (0ms)
		AnalyzeDomain (28ms)
			TypeCache.Refresh (14ms)
				TypeCache.ScanAssembly (5ms)
			ScanForSourceGeneratedMonoScriptInfo (6ms)
			ResolveRequiredComponents (6ms)
	FinalizeReload (802ms)
		ReleaseScriptCaches (0ms)
		RebuildScriptCaches (0ms)
		SetupLoadedEditorAssemblies (471ms)
			LogAssemblyErrors (0ms)
			InitializePlatformSupportModulesInManaged (4ms)
			SetLoadedEditorAssemblies (2ms)
			RefreshPlugins (0ms)
			BeforeProcessingInitializeOnLoad (41ms)
			ProcessInitializeOnLoadAttributes (408ms)
			ProcessInitializeOnLoadMethodAttributes (13ms)
			AfterProcessingInitializeOnLoad (2ms)
			EditorAssembliesLoaded (0ms)
		ExecutionOrderSort2 (0ms)
		AwakeInstancesAfterBackupRestoration (6ms)
Refreshing native plugins compatible for Editor in 1.42 ms, found 3 plugins.
Preloading 0 native plugins for Editor in 0.00 ms.
Unloading 3374 Unused Serialized files (Serialized files now loaded: 0)
Unloading 26 unused Assets / (317.7 KB). Loaded Objects now: 3891.
Memory consumption went from 127.0 MB to 126.7 MB.
Total: 3.263700 ms (FindLiveObjects: 0.300900 ms CreateObjectMapping: 0.097800 ms MarkObjects: 2.757900 ms  DeleteObjects: 0.106200 ms)

Prepare: number of updated asset objects reloaded= 0
AssetImportParameters requested are different than current active one (requested -> active):
  custom:container-demuxer-ogg: 62fdf1f143b41e24485cea50d1cbac27 -> 
  custom:scripting/monoscript/fileName/TestMessage.cs: c151c514111c3e4bdd8c24aa841dfbfe -> 
  custom:scripting/monoscript/fileName/Movement2D.cs: 1cf81e42337f4735d467a8ce2f3ac35e -> 
  custom:video-decoder-ogg-theora: a1e56fd34408186e4bbccfd4996cb3dc -> 
  custom:framework-win-MediaFoundation: 216162199b28c13a410421893ffa2e32 -> 
  custom:CustomObjectIndexerAttribute: 756ad292c208cfabdd7b50bc23989ffe -> 
  custom:container-demuxer-webm: 4f35f7cbe854078d1ac9338744f61a02 -> 
  custom:scripting/monoscript/fileName/ClickMovement.cs: fbdd972bf30b929a6f7e129e91bb41e9 -> 
  custom:scripting/monoscript/fileName/DialogueUI.cs: a2104b8f7520c27bb29c5145452c68af -> 
  custom:scripting/monoscript/fileName/ShinjiDialogue.cs: 82554c4a114386d5eb392d1c098b2580 -> 
  custom:scripting/monoscript/fileName/Door.cs: e594c8ff05d11b07988fd85149762f72 -> 
  custom:container-muxer-webm: aa71ff27fc2769a1b78a27578f13a17b -> 
  custom:video-decoder-webm-vp8: 9c59270c3fd7afecdb556c50c9e8de78 -> 
  custom:SearchIndexIgnoredProperties: e643bd26f0fe6173181afceb89e7c659 -> 
  custom:AudioImporter_EditorPlatform: d09bf68614088b80899f8185d706f6e7 -> 
  custom:scripting/monoscript/fileName/Shinji Dialogue.cs: 82554c4a114386d5eb392d1c098b2580 -> 
  custom:scripting/monoscript/fileName/DialogManager.cs: bce1a4c8a52dfb710215df45053e548a -> 
  custom:scripting/monoscript/fileName/Dialogue.cs: 2dcb33d5ca63a35e90533ce3223d831c -> 
  custom:scripting/monoscript/fileName/Character.cs: 92ed833291b4b14c6c9e5a9123740bd2 -> 
  custom:scripting/monoscript/fileName/DialogueManager.cs: f8dbcf8c22a3753ba565d59d7316a62b -> 2dcb33d5ca63a35e90533ce3223d831c
  custom:scripting/monoscript/fileName/DialogueTrigger.cs: 6892ca3e8a39dce550b1fdeb80bddaa1 -> 
  custom:video-encoder-webm-vp8: eb34c28f22e8b96e1ab97ce403110664 -> 
  custom:audio-decoder-ogg-vorbis: bf7c407c2cedff20999df2af8eb42d56 -> 
  custom:scripting/monoscript/fileName/FollowTarget.cs: 63124a3107f1b26a367b11384bde8238 -> 
  custom:scripting/monoscript/fileName/TestMessage_Selection.cs: 98c28a7e613d293aa99b5eeecc980928 -> 
  custom:scripting/monoscript/fileName/SimpleNavAgentAnimation.cs: cf5684c82edbfbb294ad92f66754ec70 -> 
  custom:scripting/monoscript/fileName/DialogueCharacter.cs: 21de41370f05905b9f5a0af418c3205b -> 
  custom:audio-encoder-webm-vorbis: bf7c407c2cedff20999df2af8eb42d56 -> 
  custom:scripting/monoscript/fileName/DialogBase.cs: e52e3f61b4c9bdbe8b79e67f9f99937b -> 
  custom:scripting/monoscript/fileName/EmotionDrawer.cs: bc670e6eba860d8af2c8e07fddf0064b -> 
========================================================================
Received Prepare
Begin MonoManager ReloadAssembly
- Loaded All Assemblies, in  0.293 seconds
Refreshing native plugins compatible for Editor in 1.41 ms, found 3 plugins.
Native extension for WindowsStandalone target not found
Native extension for WebGL target not found
[Package Manager] Server::EnsureServerProcessIsRunning -- launch failed, reason: Unity was launched with the -noUpm command-line argument
[Package Manager] UpmClient::Send -- Unable to send message (not connected to UPM process).
[Package Manager] Cannot connect to Unity Package Manager local server
Mono: successfully reloaded assembly
- Finished resetting the current domain, in  0.819 seconds
Domain Reload Profiling: 1113ms
	BeginReloadAssembly (119ms)
		ExecutionOrderSort (0ms)
		DisableScriptedObjects (3ms)
		BackupInstance (0ms)
		ReleaseScriptingObjects (0ms)
		CreateAndSetChildDomain (29ms)
	RebuildCommonClasses (34ms)
	RebuildNativeTypeToScriptingClass (10ms)
	initialDomainReloadingComplete (19ms)
	LoadAllAssembliesAndSetupDomain (112ms)
		LoadAssemblies (156ms)
		RebuildTransferFunctionScriptingTraits (0ms)
		AnalyzeDomain (12ms)
			TypeCache.Refresh (5ms)
				TypeCache.ScanAssembly (0ms)
			ScanForSourceGeneratedMonoScriptInfo (0ms)
			ResolveRequiredComponents (6ms)
	FinalizeReload (820ms)
		ReleaseScriptCaches (0ms)
		RebuildScriptCaches (0ms)
		SetupLoadedEditorAssemblies (513ms)
			LogAssemblyErrors (0ms)
			InitializePlatformSupportModulesInManaged (4ms)
			SetLoadedEditorAssemblies (2ms)
			RefreshPlugins (0ms)
			BeforeProcessingInitializeOnLoad (40ms)
			ProcessInitializeOnLoadAttributes (446ms)
			ProcessInitializeOnLoadMethodAttributes (18ms)
			AfterProcessingInitializeOnLoad (2ms)
			EditorAssembliesLoaded (0ms)
		ExecutionOrderSort2 (0ms)
		AwakeInstancesAfterBackupRestoration (7ms)
Refreshing native plugins compatible for Editor in 1.92 ms, found 3 plugins.
Preloading 0 native plugins for Editor in 0.00 ms.
Unloading 3374 Unused Serialized files (Serialized files now loaded: 0)
Unloading 26 unused Assets / (317.8 KB). Loaded Objects now: 3894.
Memory consumption went from 127.0 MB to 126.7 MB.
Total: 3.459600 ms (FindLiveObjects: 0.338700 ms CreateObjectMapping: 0.101500 ms MarkObjects: 2.914100 ms  DeleteObjects: 0.104200 ms)

Prepare: number of updated asset objects reloaded= 0
AssetImportParameters requested are different than current active one (requested -> active):
  custom:container-demuxer-ogg: 62fdf1f143b41e24485cea50d1cbac27 -> 
  custom:scripting/monoscript/fileName/TestMessage.cs: c151c514111c3e4bdd8c24aa841dfbfe -> 
  custom:scripting/monoscript/fileName/Movement2D.cs: 1cf81e42337f4735d467a8ce2f3ac35e -> 
  custom:video-decoder-ogg-theora: a1e56fd34408186e4bbccfd4996cb3dc -> 
  custom:framework-win-MediaFoundation: 216162199b28c13a410421893ffa2e32 -> 
  custom:CustomObjectIndexerAttribute: 756ad292c208cfabdd7b50bc23989ffe -> 
  custom:container-demuxer-webm: 4f35f7cbe854078d1ac9338744f61a02 -> 
  custom:scripting/monoscript/fileName/ClickMovement.cs: fbdd972bf30b929a6f7e129e91bb41e9 -> 
  custom:scripting/monoscript/fileName/DialogueUI.cs: a2104b8f7520c27bb29c5145452c68af -> 
  custom:scripting/monoscript/fileName/ShinjiDialogue.cs: 82554c4a114386d5eb392d1c098b2580 -> 
  custom:scripting/monoscript/fileName/Door.cs: e594c8ff05d11b07988fd85149762f72 -> 
  custom:container-muxer-webm: aa71ff27fc2769a1b78a27578f13a17b -> 
  custom:video-decoder-webm-vp8: 9c59270c3fd7afecdb556c50c9e8de78 -> 
  custom:SearchIndexIgnoredProperties: e643bd26f0fe6173181afceb89e7c659 -> 
  custom:AudioImporter_EditorPlatform: d09bf68614088b80899f8185d706f6e7 -> 
  custom:scripting/monoscript/fileName/Shinji Dialogue.cs: 82554c4a114386d5eb392d1c098b2580 -> 
  custom:scripting/monoscript/fileName/DialogManager.cs: bce1a4c8a52dfb710215df45053e548a -> 
  custom:scripting/monoscript/fileName/Dialogue.cs: 2dcb33d5ca63a35e90533ce3223d831c -> 
  custom:scripting/monoscript/fileName/Character.cs: 92ed833291b4b14c6c9e5a9123740bd2 -> 
  custom:scripting/monoscript/fileName/DialogueManager.cs: f8dbcf8c22a3753ba565d59d7316a62b -> 2dcb33d5ca63a35e90533ce3223d831c
  custom:scripting/monoscript/fileName/DialogueTrigger.cs: 6892ca3e8a39dce550b1fdeb80bddaa1 -> 
  custom:video-encoder-webm-vp8: eb34c28f22e8b96e1ab97ce403110664 -> 
  custom:audio-decoder-ogg-vorbis: bf7c407c2cedff20999df2af8eb42d56 -> 
  custom:scripting/monoscript/fileName/FollowTarget.cs: 63124a3107f1b26a367b11384bde8238 -> 
  custom:scripting/monoscript/fileName/TestMessage_Selection.cs: 98c28a7e613d293aa99b5eeecc980928 -> 
  custom:scripting/monoscript/fileName/SimpleNavAgentAnimation.cs: cf5684c82edbfbb294ad92f66754ec70 -> 
  custom:scripting/monoscript/fileName/DialogueCharacter.cs: 21de41370f05905b9f5a0af418c3205b -> 
  custom:audio-encoder-webm-vorbis: bf7c407c2cedff20999df2af8eb42d56 -> 
  custom:scripting/monoscript/fileName/DialogBase.cs: e52e3f61b4c9bdbe8b79e67f9f99937b -> 
  custom:scripting/monoscript/fileName/EmotionDrawer.cs: bc670e6eba860d8af2c8e07fddf0064b -> 
========================================================================
Received Prepare
Begin MonoManager ReloadAssembly
- Loaded All Assemblies, in  0.319 seconds
Refreshing native plugins compatible for Editor in 1.78 ms, found 3 plugins.
Native extension for WindowsStandalone target not found
Native extension for WebGL target not found
[Package Manager] Server::EnsureServerProcessIsRunning -- launch failed, reason: Unity was launched with the -noUpm command-line argument
[Package Manager] UpmClient::Send -- Unable to send message (not connected to UPM process).
[Package Manager] Cannot connect to Unity Package Manager local server
Mono: successfully reloaded assembly
- Finished resetting the current domain, in  0.778 seconds
Domain Reload Profiling: 1097ms
	BeginReloadAssembly (127ms)
		ExecutionOrderSort (0ms)
		DisableScriptedObjects (4ms)
		BackupInstance (0ms)
		ReleaseScriptingObjects (0ms)
		CreateAndSetChildDomain (32ms)
	RebuildCommonClasses (30ms)
	RebuildNativeTypeToScriptingClass (11ms)
	initialDomainReloadingComplete (19ms)
	LoadAllAssembliesAndSetupDomain (132ms)
		LoadAssemblies (172ms)
		RebuildTransferFunctionScriptingTraits (0ms)
		AnalyzeDomain (25ms)
			TypeCache.Refresh (11ms)
				TypeCache.ScanAssembly (4ms)
			ScanForSourceGeneratedMonoScriptInfo (6ms)
			ResolveRequiredComponents (7ms)
	FinalizeReload (779ms)
		ReleaseScriptCaches (0ms)
		RebuildScriptCaches (0ms)
		SetupLoadedEditorAssemblies (465ms)
			LogAssemblyErrors (0ms)
			InitializePlatformSupportModulesInManaged (4ms)
			SetLoadedEditorAssemblies (2ms)
			RefreshPlugins (0ms)
			BeforeProcessingInitializeOnLoad (41ms)
			ProcessInitializeOnLoadAttributes (402ms)
			ProcessInitializeOnLoadMethodAttributes (14ms)
			AfterProcessingInitializeOnLoad (2ms)
			EditorAssembliesLoaded (0ms)
		ExecutionOrderSort2 (0ms)
		AwakeInstancesAfterBackupRestoration (6ms)
Refreshing native plugins compatible for Editor in 1.70 ms, found 3 plugins.
Preloading 0 native plugins for Editor in 0.00 ms.
Unloading 3374 Unused Serialized files (Serialized files now loaded: 0)
Unloading 26 unused Assets / (317.9 KB). Loaded Objects now: 3897.
Memory consumption went from 127.0 MB to 126.7 MB.
Total: 3.264100 ms (FindLiveObjects: 0.248700 ms CreateObjectMapping: 0.101800 ms MarkObjects: 2.822200 ms  DeleteObjects: 0.090500 ms)

Prepare: number of updated asset objects reloaded= 0
AssetImportParameters requested are different than current active one (requested -> active):
  custom:container-demuxer-ogg: 62fdf1f143b41e24485cea50d1cbac27 -> 
  custom:scripting/monoscript/fileName/TestMessage.cs: c151c514111c3e4bdd8c24aa841dfbfe -> 
  custom:scripting/monoscript/fileName/Movement2D.cs: 1cf81e42337f4735d467a8ce2f3ac35e -> 
  custom:video-decoder-ogg-theora: a1e56fd34408186e4bbccfd4996cb3dc -> 
  custom:framework-win-MediaFoundation: 216162199b28c13a410421893ffa2e32 -> 
  custom:CustomObjectIndexerAttribute: 756ad292c208cfabdd7b50bc23989ffe -> 
  custom:container-demuxer-webm: 4f35f7cbe854078d1ac9338744f61a02 -> 
  custom:scripting/monoscript/fileName/ClickMovement.cs: fbdd972bf30b929a6f7e129e91bb41e9 -> 
  custom:scripting/monoscript/fileName/DialogueUI.cs: a2104b8f7520c27bb29c5145452c68af -> 
  custom:scripting/monoscript/fileName/ShinjiDialogue.cs: 82554c4a114386d5eb392d1c098b2580 -> 
  custom:scripting/monoscript/fileName/Door.cs: e594c8ff05d11b07988fd85149762f72 -> 
  custom:container-muxer-webm: aa71ff27fc2769a1b78a27578f13a17b -> 
  custom:video-decoder-webm-vp8: 9c59270c3fd7afecdb556c50c9e8de78 -> 
  custom:SearchIndexIgnoredProperties: e643bd26f0fe6173181afceb89e7c659 -> 
  custom:AudioImporter_EditorPlatform: d09bf68614088b80899f8185d706f6e7 -> 
  custom:scripting/monoscript/fileName/Shinji Dialogue.cs: 82554c4a114386d5eb392d1c098b2580 -> 
  custom:scripting/monoscript/fileName/DialogManager.cs: bce1a4c8a52dfb710215df45053e548a -> 
  custom:scripting/monoscript/fileName/Dialogue.cs: 2dcb33d5ca63a35e90533ce3223d831c -> 
  custom:scripting/monoscript/fileName/Character.cs: 92ed833291b4b14c6c9e5a9123740bd2 -> 
  custom:scripting/monoscript/fileName/DialogueManager.cs: f8dbcf8c22a3753ba565d59d7316a62b -> 2dcb33d5ca63a35e90533ce3223d831c
  custom:scripting/monoscript/fileName/DialogueTrigger.cs: 6892ca3e8a39dce550b1fdeb80bddaa1 -> 
  custom:video-encoder-webm-vp8: eb34c28f22e8b96e1ab97ce403110664 -> 
  custom:audio-decoder-ogg-vorbis: bf7c407c2cedff20999df2af8eb42d56 -> 
  custom:scripting/monoscript/fileName/FollowTarget.cs: 63124a3107f1b26a367b11384bde8238 -> 
  custom:scripting/monoscript/fileName/TestMessage_Selection.cs: 98c28a7e613d293aa99b5eeecc980928 -> 
  custom:scripting/monoscript/fileName/SimpleNavAgentAnimation.cs: cf5684c82edbfbb294ad92f66754ec70 -> 
  custom:scripting/monoscript/fileName/DialogueCharacter.cs: 21de41370f05905b9f5a0af418c3205b -> 
  custom:audio-encoder-webm-vorbis: bf7c407c2cedff20999df2af8eb42d56 -> 
  custom:scripting/monoscript/fileName/DialogBase.cs: e52e3f61b4c9bdbe8b79e67f9f99937b -> 
  custom:scripting/monoscript/fileName/EmotionDrawer.cs: bc670e6eba860d8af2c8e07fddf0064b -> 
========================================================================
Received Import Request.
  Time since last request: 225879.279086 seconds.
  path: Assets/Scripts/CharacterDialogue.cs
  artifactKey: Guid(dd81f16c553465143b27bda9d2c08d23) Importer(815301076,1909f56bfc062723c751e8b465ee728b)
Start importing Assets/Scripts/CharacterDialogue.cs using Guid(dd81f16c553465143b27bda9d2c08d23) Importer(815301076,1909f56bfc062723c751e8b465ee728b)  -> (artifact id: '3a0d11b558f4a0be946fe1e70b9a6bd1') in 0.012134 seconds
Number of updated asset objects reloaded before import = 0
Number of asset objects unloaded after import = 0
========================================================================
Received Prepare
Begin MonoManager ReloadAssembly
- Loaded All Assemblies, in  0.292 seconds
Refreshing native plugins compatible for Editor in 1.45 ms, found 3 plugins.
Native extension for WindowsStandalone target not found
Native extension for WebGL target not found
[Package Manager] Server::EnsureServerProcessIsRunning -- launch failed, reason: Unity was launched with the -noUpm command-line argument
[Package Manager] UpmClient::Send -- Unable to send message (not connected to UPM process).
[Package Manager] Cannot connect to Unity Package Manager local server
Mono: successfully reloaded assembly
- Finished resetting the current domain, in  0.764 seconds
Domain Reload Profiling: 1056ms
	BeginReloadAssembly (117ms)
		ExecutionOrderSort (0ms)
		DisableScriptedObjects (3ms)
		BackupInstance (0ms)
		ReleaseScriptingObjects (0ms)
		CreateAndSetChildDomain (28ms)
	RebuildCommonClasses (29ms)
	RebuildNativeTypeToScriptingClass (10ms)
	initialDomainReloadingComplete (19ms)
	LoadAllAssembliesAndSetupDomain (117ms)
		LoadAssemblies (164ms)
		RebuildTransferFunctionScriptingTraits (0ms)
		AnalyzeDomain (12ms)
			TypeCache.Refresh (5ms)
				TypeCache.ScanAssembly (0ms)
			ScanForSourceGeneratedMonoScriptInfo (0ms)
			ResolveRequiredComponents (6ms)
	FinalizeReload (765ms)
		ReleaseScriptCaches (0ms)
		RebuildScriptCaches (0ms)
		SetupLoadedEditorAssemblies (461ms)
			LogAssemblyErrors (0ms)
			InitializePlatformSupportModulesInManaged (4ms)
			SetLoadedEditorAssemblies (2ms)
			RefreshPlugins (0ms)
			BeforeProcessingInitializeOnLoad (40ms)
			ProcessInitializeOnLoadAttributes (399ms)
			ProcessInitializeOnLoadMethodAttributes (14ms)
			AfterProcessingInitializeOnLoad (2ms)
			EditorAssembliesLoaded (0ms)
		ExecutionOrderSort2 (0ms)
		AwakeInstancesAfterBackupRestoration (6ms)
Refreshing native plugins compatible for Editor in 1.58 ms, found 3 plugins.
Preloading 0 native plugins for Editor in 0.00 ms.
Unloading 3373 Unused Serialized files (Serialized files now loaded: 0)
Unloading 26 unused Assets / (317.8 KB). Loaded Objects now: 3900.
Memory consumption went from 126.8 MB to 126.4 MB.
Total: 3.352100 ms (FindLiveObjects: 0.314600 ms CreateObjectMapping: 0.099500 ms MarkObjects: 2.837700 ms  DeleteObjects: 0.099100 ms)

Prepare: number of updated asset objects reloaded= 0
AssetImportParameters requested are different than current active one (requested -> active):
  custom:container-demuxer-ogg: 62fdf1f143b41e24485cea50d1cbac27 -> 
  custom:scripting/monoscript/fileName/TestMessage.cs: c151c514111c3e4bdd8c24aa841dfbfe -> 
  custom:scripting/monoscript/fileName/Movement2D.cs: 1cf81e42337f4735d467a8ce2f3ac35e -> 
  custom:video-decoder-ogg-theora: a1e56fd34408186e4bbccfd4996cb3dc -> 
  custom:framework-win-MediaFoundation: 216162199b28c13a410421893ffa2e32 -> 
  custom:CustomObjectIndexerAttribute: 756ad292c208cfabdd7b50bc23989ffe -> 
  custom:container-demuxer-webm: 4f35f7cbe854078d1ac9338744f61a02 -> 
  custom:scripting/monoscript/fileName/ClickMovement.cs: fbdd972bf30b929a6f7e129e91bb41e9 -> 
  custom:scripting/monoscript/fileName/DialogueUI.cs: a2104b8f7520c27bb29c5145452c68af -> 
  custom:scripting/monoscript/fileName/ShinjiDialogue.cs: 82554c4a114386d5eb392d1c098b2580 -> 
  custom:scripting/monoscript/fileName/Door.cs: e594c8ff05d11b07988fd85149762f72 -> 
  custom:container-muxer-webm: aa71ff27fc2769a1b78a27578f13a17b -> 
  custom:video-decoder-webm-vp8: 9c59270c3fd7afecdb556c50c9e8de78 -> 
  custom:SearchIndexIgnoredProperties: e643bd26f0fe6173181afceb89e7c659 -> 
  custom:AudioImporter_EditorPlatform: d09bf68614088b80899f8185d706f6e7 -> 
  custom:scripting/monoscript/fileName/Shinji Dialogue.cs: 82554c4a114386d5eb392d1c098b2580 -> 
  custom:scripting/monoscript/fileName/DialogManager.cs: bce1a4c8a52dfb710215df45053e548a -> 
  custom:scripting/monoscript/fileName/Dialogue.cs: 2dcb33d5ca63a35e90533ce3223d831c -> 
  custom:scripting/monoscript/fileName/Character.cs: 92ed833291b4b14c6c9e5a9123740bd2 -> 
  custom:scripting/monoscript/fileName/DialogueManager.cs: f8dbcf8c22a3753ba565d59d7316a62b -> 2dcb33d5ca63a35e90533ce3223d831c
  custom:scripting/monoscript/fileName/DialogueTrigger.cs: 6892ca3e8a39dce550b1fdeb80bddaa1 -> 
  custom:video-encoder-webm-vp8: eb34c28f22e8b96e1ab97ce403110664 -> 
  custom:audio-decoder-ogg-vorbis: bf7c407c2cedff20999df2af8eb42d56 -> 
  custom:scripting/monoscript/fileName/FollowTarget.cs: 63124a3107f1b26a367b11384bde8238 -> 
  custom:scripting/monoscript/fileName/TestMessage_Selection.cs: 98c28a7e613d293aa99b5eeecc980928 -> 
  custom:scripting/monoscript/fileName/SimpleNavAgentAnimation.cs: cf5684c82edbfbb294ad92f66754ec70 -> 
  custom:scripting/monoscript/fileName/DialogueCharacter.cs: 21de41370f05905b9f5a0af418c3205b -> 
  custom:audio-encoder-webm-vorbis: bf7c407c2cedff20999df2af8eb42d56 -> 
  custom:scripting/monoscript/fileName/DialogBase.cs: e52e3f61b4c9bdbe8b79e67f9f99937b -> 
  custom:scripting/monoscript/fileName/EmotionDrawer.cs: bc670e6eba860d8af2c8e07fddf0064b -> 
========================================================================
Received Prepare
Begin MonoManager ReloadAssembly
- Loaded All Assemblies, in  0.296 seconds
Refreshing native plugins compatible for Editor in 2.19 ms, found 3 plugins.
Native extension for WindowsStandalone target not found
Native extension for WebGL target not found
[Package Manager] Server::EnsureServerProcessIsRunning -- launch failed, reason: Unity was launched with the -noUpm command-line argument
[Package Manager] UpmClient::Send -- Unable to send message (not connected to UPM process).
[Package Manager] Cannot connect to Unity Package Manager local server
Mono: successfully reloaded assembly
- Finished resetting the current domain, in  0.768 seconds
Domain Reload Profiling: 1064ms
	BeginReloadAssembly (125ms)
		ExecutionOrderSort (0ms)
		DisableScriptedObjects (3ms)
		BackupInstance (0ms)
		ReleaseScriptingObjects (0ms)
		CreateAndSetChildDomain (30ms)
	RebuildCommonClasses (27ms)
	RebuildNativeTypeToScriptingClass (10ms)
	initialDomainReloadingComplete (18ms)
	LoadAllAssembliesAndSetupDomain (115ms)
		LoadAssemblies (167ms)
		RebuildTransferFunctionScriptingTraits (0ms)
		AnalyzeDomain (14ms)
			TypeCache.Refresh (5ms)
				TypeCache.ScanAssembly (0ms)
			ScanForSourceGeneratedMonoScriptInfo (0ms)
			ResolveRequiredComponents (7ms)
	FinalizeReload (768ms)
		ReleaseScriptCaches (0ms)
		RebuildScriptCaches (0ms)
		SetupLoadedEditorAssemblies (465ms)
			LogAssemblyErrors (0ms)
			InitializePlatformSupportModulesInManaged (4ms)
			SetLoadedEditorAssemblies (2ms)
			RefreshPlugins (0ms)
			BeforeProcessingInitializeOnLoad (40ms)
			ProcessInitializeOnLoadAttributes (402ms)
			ProcessInitializeOnLoadMethodAttributes (15ms)
			AfterProcessingInitializeOnLoad (2ms)
			EditorAssembliesLoaded (0ms)
		ExecutionOrderSort2 (0ms)
		AwakeInstancesAfterBackupRestoration (6ms)
Refreshing native plugins compatible for Editor in 1.88 ms, found 3 plugins.
Preloading 0 native plugins for Editor in 0.00 ms.
Unloading 3374 Unused Serialized files (Serialized files now loaded: 0)
Unloading 26 unused Assets / (317.9 KB). Loaded Objects now: 3903.
Memory consumption went from 127.0 MB to 126.7 MB.
Total: 3.388200 ms (FindLiveObjects: 0.262700 ms CreateObjectMapping: 0.108000 ms MarkObjects: 2.907300 ms  DeleteObjects: 0.109400 ms)

Prepare: number of updated asset objects reloaded= 0
AssetImportParameters requested are different than current active one (requested -> active):
  custom:container-demuxer-ogg: 62fdf1f143b41e24485cea50d1cbac27 -> 
  custom:scripting/monoscript/fileName/TestMessage.cs: c151c514111c3e4bdd8c24aa841dfbfe -> 
  custom:scripting/monoscript/fileName/Movement2D.cs: 1cf81e42337f4735d467a8ce2f3ac35e -> 
  custom:video-decoder-ogg-theora: a1e56fd34408186e4bbccfd4996cb3dc -> 
  custom:framework-win-MediaFoundation: 216162199b28c13a410421893ffa2e32 -> 
  custom:CustomObjectIndexerAttribute: 756ad292c208cfabdd7b50bc23989ffe -> 
  custom:container-demuxer-webm: 4f35f7cbe854078d1ac9338744f61a02 -> 
  custom:scripting/monoscript/fileName/ClickMovement.cs: fbdd972bf30b929a6f7e129e91bb41e9 -> 
  custom:scripting/monoscript/fileName/DialogueUI.cs: a2104b8f7520c27bb29c5145452c68af -> 
  custom:scripting/monoscript/fileName/ShinjiDialogue.cs: 82554c4a114386d5eb392d1c098b2580 -> 
  custom:scripting/monoscript/fileName/Door.cs: e594c8ff05d11b07988fd85149762f72 -> 
  custom:container-muxer-webm: aa71ff27fc2769a1b78a27578f13a17b -> 
  custom:video-decoder-webm-vp8: 9c59270c3fd7afecdb556c50c9e8de78 -> 
  custom:SearchIndexIgnoredProperties: e643bd26f0fe6173181afceb89e7c659 -> 
  custom:AudioImporter_EditorPlatform: d09bf68614088b80899f8185d706f6e7 -> 
  custom:scripting/monoscript/fileName/Shinji Dialogue.cs: 82554c4a114386d5eb392d1c098b2580 -> 
  custom:scripting/monoscript/fileName/DialogManager.cs: bce1a4c8a52dfb710215df45053e548a -> 
  custom:scripting/monoscript/fileName/Dialogue.cs: 2dcb33d5ca63a35e90533ce3223d831c -> 
  custom:scripting/monoscript/fileName/Character.cs: 92ed833291b4b14c6c9e5a9123740bd2 -> 
  custom:scripting/monoscript/fileName/DialogueManager.cs: f8dbcf8c22a3753ba565d59d7316a62b -> 2dcb33d5ca63a35e90533ce3223d831c
  custom:scripting/monoscript/fileName/DialogueTrigger.cs: 6892ca3e8a39dce550b1fdeb80bddaa1 -> 
  custom:video-encoder-webm-vp8: eb34c28f22e8b96e1ab97ce403110664 -> 
  custom:audio-decoder-ogg-vorbis: bf7c407c2cedff20999df2af8eb42d56 -> 
  custom:scripting/monoscript/fileName/FollowTarget.cs: 63124a3107f1b26a367b11384bde8238 -> 
  custom:scripting/monoscript/fileName/TestMessage_Selection.cs: 98c28a7e613d293aa99b5eeecc980928 -> 
  custom:scripting/monoscript/fileName/SimpleNavAgentAnimation.cs: cf5684c82edbfbb294ad92f66754ec70 -> 
  custom:scripting/monoscript/fileName/DialogueCharacter.cs: 21de41370f05905b9f5a0af418c3205b -> 
  custom:audio-encoder-webm-vorbis: bf7c407c2cedff20999df2af8eb42d56 -> 
  custom:scripting/monoscript/fileName/DialogBase.cs: e52e3f61b4c9bdbe8b79e67f9f99937b -> 
  custom:scripting/monoscript/fileName/EmotionDrawer.cs: bc670e6eba860d8af2c8e07fddf0064b -> 
========================================================================
Received Prepare
Begin MonoManager ReloadAssembly
- Loaded All Assemblies, in  0.286 seconds
Refreshing native plugins compatible for Editor in 1.65 ms, found 3 plugins.
Native extension for WindowsStandalone target not found
Native extension for WebGL target not found
[Package Manager] Server::EnsureServerProcessIsRunning -- launch failed, reason: Unity was launched with the -noUpm command-line argument
[Package Manager] UpmClient::Send -- Unable to send message (not connected to UPM process).
[Package Manager] Cannot connect to Unity Package Manager local server
Mono: successfully reloaded assembly
- Finished resetting the current domain, in  0.792 seconds
Domain Reload Profiling: 1078ms
	BeginReloadAssembly (114ms)
		ExecutionOrderSort (0ms)
		DisableScriptedObjects (4ms)
		BackupInstance (0ms)
		ReleaseScriptingObjects (0ms)
		CreateAndSetChildDomain (28ms)
	RebuildCommonClasses (27ms)
	RebuildNativeTypeToScriptingClass (10ms)
	initialDomainReloadingComplete (18ms)
	LoadAllAssembliesAndSetupDomain (115ms)
		LoadAssemblies (161ms)
		RebuildTransferFunctionScriptingTraits (0ms)
		AnalyzeDomain (12ms)
			TypeCache.Refresh (5ms)
				TypeCache.ScanAssembly (0ms)
			ScanForSourceGeneratedMonoScriptInfo (0ms)
			ResolveRequiredComponents (6ms)
	FinalizeReload (793ms)
		ReleaseScriptCaches (0ms)
		RebuildScriptCaches (0ms)
		SetupLoadedEditorAssemblies (480ms)
			LogAssemblyErrors (0ms)
			InitializePlatformSupportModulesInManaged (4ms)
			SetLoadedEditorAssemblies (2ms)
			RefreshPlugins (0ms)
			BeforeProcessingInitializeOnLoad (41ms)
			ProcessInitializeOnLoadAttributes (412ms)
			ProcessInitializeOnLoadMethodAttributes (20ms)
			AfterProcessingInitializeOnLoad (2ms)
			EditorAssembliesLoaded (0ms)
		ExecutionOrderSort2 (0ms)
		AwakeInstancesAfterBackupRestoration (6ms)
Refreshing native plugins compatible for Editor in 1.66 ms, found 3 plugins.
Preloading 0 native plugins for Editor in 0.00 ms.
Unloading 3374 Unused Serialized files (Serialized files now loaded: 0)
Unloading 26 unused Assets / (317.9 KB). Loaded Objects now: 3906.
Memory consumption went from 127.0 MB to 126.7 MB.
Total: 3.538300 ms (FindLiveObjects: 0.370800 ms CreateObjectMapping: 0.107100 ms MarkObjects: 2.958600 ms  DeleteObjects: 0.100700 ms)

Prepare: number of updated asset objects reloaded= 0
AssetImportParameters requested are different than current active one (requested -> active):
  custom:container-demuxer-ogg: 62fdf1f143b41e24485cea50d1cbac27 -> 
  custom:scripting/monoscript/fileName/TestMessage.cs: c151c514111c3e4bdd8c24aa841dfbfe -> 
  custom:scripting/monoscript/fileName/Movement2D.cs: 1cf81e42337f4735d467a8ce2f3ac35e -> 
  custom:video-decoder-ogg-theora: a1e56fd34408186e4bbccfd4996cb3dc -> 
  custom:framework-win-MediaFoundation: 216162199b28c13a410421893ffa2e32 -> 
  custom:CustomObjectIndexerAttribute: 756ad292c208cfabdd7b50bc23989ffe -> 
  custom:container-demuxer-webm: 4f35f7cbe854078d1ac9338744f61a02 -> 
  custom:scripting/monoscript/fileName/ClickMovement.cs: fbdd972bf30b929a6f7e129e91bb41e9 -> 
  custom:scripting/monoscript/fileName/DialogueUI.cs: a2104b8f7520c27bb29c5145452c68af -> 
  custom:scripting/monoscript/fileName/ShinjiDialogue.cs: 82554c4a114386d5eb392d1c098b2580 -> 
  custom:scripting/monoscript/fileName/Door.cs: e594c8ff05d11b07988fd85149762f72 -> 
  custom:container-muxer-webm: aa71ff27fc2769a1b78a27578f13a17b -> 
  custom:video-decoder-webm-vp8: 9c59270c3fd7afecdb556c50c9e8de78 -> 
  custom:SearchIndexIgnoredProperties: e643bd26f0fe6173181afceb89e7c659 -> 
  custom:AudioImporter_EditorPlatform: d09bf68614088b80899f8185d706f6e7 -> 
  custom:scripting/monoscript/fileName/Shinji Dialogue.cs: 82554c4a114386d5eb392d1c098b2580 -> 
  custom:scripting/monoscript/fileName/DialogManager.cs: bce1a4c8a52dfb710215df45053e548a -> 
  custom:scripting/monoscript/fileName/Dialogue.cs: 2dcb33d5ca63a35e90533ce3223d831c -> 
  custom:scripting/monoscript/fileName/Character.cs: 92ed833291b4b14c6c9e5a9123740bd2 -> 
  custom:scripting/monoscript/fileName/DialogueManager.cs: f8dbcf8c22a3753ba565d59d7316a62b -> 2dcb33d5ca63a35e90533ce3223d831c
  custom:scripting/monoscript/fileName/DialogueTrigger.cs: 6892ca3e8a39dce550b1fdeb80bddaa1 -> 
  custom:video-encoder-webm-vp8: eb34c28f22e8b96e1ab97ce403110664 -> 
  custom:audio-decoder-ogg-vorbis: bf7c407c2cedff20999df2af8eb42d56 -> 
  custom:scripting/monoscript/fileName/FollowTarget.cs: 63124a3107f1b26a367b11384bde8238 -> 
  custom:scripting/monoscript/fileName/TestMessage_Selection.cs: 98c28a7e613d293aa99b5eeecc980928 -> 
  custom:scripting/monoscript/fileName/SimpleNavAgentAnimation.cs: cf5684c82edbfbb294ad92f66754ec70 -> 
  custom:scripting/monoscript/fileName/DialogueCharacter.cs: 21de41370f05905b9f5a0af418c3205b -> 
  custom:audio-encoder-webm-vorbis: bf7c407c2cedff20999df2af8eb42d56 -> 
  custom:scripting/monoscript/fileName/DialogBase.cs: e52e3f61b4c9bdbe8b79e67f9f99937b -> 
  custom:scripting/monoscript/fileName/EmotionDrawer.cs: bc670e6eba860d8af2c8e07fddf0064b -> 
========================================================================
Received Prepare
Begin MonoManager ReloadAssembly
- Loaded All Assemblies, in  0.287 seconds
Refreshing native plugins compatible for Editor in 1.47 ms, found 3 plugins.
Native extension for WindowsStandalone target not found
Native extension for WebGL target not found
[Package Manager] Server::EnsureServerProcessIsRunning -- launch failed, reason: Unity was launched with the -noUpm command-line argument
[Package Manager] UpmClient::Send -- Unable to send message (not connected to UPM process).
[Package Manager] Cannot connect to Unity Package Manager local server
Mono: successfully reloaded assembly
- Finished resetting the current domain, in  0.781 seconds
Domain Reload Profiling: 1069ms
	BeginReloadAssembly (116ms)
		ExecutionOrderSort (0ms)
		DisableScriptedObjects (3ms)
		BackupInstance (0ms)
		ReleaseScriptingObjects (0ms)
		CreateAndSetChildDomain (29ms)
	RebuildCommonClasses (27ms)
	RebuildNativeTypeToScriptingClass (10ms)
	initialDomainReloadingComplete (18ms)
	LoadAllAssembliesAndSetupDomain (115ms)
		LoadAssemblies (162ms)
		RebuildTransferFunctionScriptingTraits (0ms)
		AnalyzeDomain (12ms)
			TypeCache.Refresh (5ms)
				TypeCache.ScanAssembly (0ms)
			ScanForSourceGeneratedMonoScriptInfo (0ms)
			ResolveRequiredComponents (6ms)
	FinalizeReload (782ms)
		ReleaseScriptCaches (0ms)
		RebuildScriptCaches (0ms)
		SetupLoadedEditorAssemblies (476ms)
			LogAssemblyErrors (0ms)
			InitializePlatformSupportModulesInManaged (4ms)
			SetLoadedEditorAssemblies (3ms)
			RefreshPlugins (0ms)
			BeforeProcessingInitializeOnLoad (42ms)
			ProcessInitializeOnLoadAttributes (412ms)
			ProcessInitializeOnLoadMethodAttributes (14ms)
			AfterProcessingInitializeOnLoad (2ms)
			EditorAssembliesLoaded (0ms)
		ExecutionOrderSort2 (0ms)
		AwakeInstancesAfterBackupRestoration (6ms)
Refreshing native plugins compatible for Editor in 1.69 ms, found 3 plugins.
Preloading 0 native plugins for Editor in 0.00 ms.
Unloading 3374 Unused Serialized files (Serialized files now loaded: 0)
Unloading 26 unused Assets / (317.9 KB). Loaded Objects now: 3909.
Memory consumption went from 127.0 MB to 126.7 MB.
Total: 3.280100 ms (FindLiveObjects: 0.265500 ms CreateObjectMapping: 0.101200 ms MarkObjects: 2.810700 ms  DeleteObjects: 0.101500 ms)

Prepare: number of updated asset objects reloaded= 0
AssetImportParameters requested are different than current active one (requested -> active):
  custom:container-demuxer-ogg: 62fdf1f143b41e24485cea50d1cbac27 -> 
  custom:scripting/monoscript/fileName/TestMessage.cs: c151c514111c3e4bdd8c24aa841dfbfe -> 
  custom:scripting/monoscript/fileName/Movement2D.cs: 1cf81e42337f4735d467a8ce2f3ac35e -> 
  custom:video-decoder-ogg-theora: a1e56fd34408186e4bbccfd4996cb3dc -> 
  custom:framework-win-MediaFoundation: 216162199b28c13a410421893ffa2e32 -> 
  custom:CustomObjectIndexerAttribute: 756ad292c208cfabdd7b50bc23989ffe -> 
  custom:container-demuxer-webm: 4f35f7cbe854078d1ac9338744f61a02 -> 
  custom:scripting/monoscript/fileName/ClickMovement.cs: fbdd972bf30b929a6f7e129e91bb41e9 -> 
  custom:scripting/monoscript/fileName/DialogueUI.cs: a2104b8f7520c27bb29c5145452c68af -> 
  custom:scripting/monoscript/fileName/ShinjiDialogue.cs: 82554c4a114386d5eb392d1c098b2580 -> 
  custom:scripting/monoscript/fileName/Door.cs: e594c8ff05d11b07988fd85149762f72 -> 
  custom:container-muxer-webm: aa71ff27fc2769a1b78a27578f13a17b -> 
  custom:video-decoder-webm-vp8: 9c59270c3fd7afecdb556c50c9e8de78 -> 
  custom:SearchIndexIgnoredProperties: e643bd26f0fe6173181afceb89e7c659 -> 
  custom:AudioImporter_EditorPlatform: d09bf68614088b80899f8185d706f6e7 -> 
  custom:scripting/monoscript/fileName/Shinji Dialogue.cs: 82554c4a114386d5eb392d1c098b2580 -> 
  custom:scripting/monoscript/fileName/DialogManager.cs: bce1a4c8a52dfb710215df45053e548a -> 
  custom:scripting/monoscript/fileName/Dialogue.cs: 2dcb33d5ca63a35e90533ce3223d831c -> 
  custom:scripting/monoscript/fileName/Character.cs: 92ed833291b4b14c6c9e5a9123740bd2 -> 
  custom:scripting/monoscript/fileName/DialogueManager.cs: f8dbcf8c22a3753ba565d59d7316a62b -> 2dcb33d5ca63a35e90533ce3223d831c
  custom:scripting/monoscript/fileName/DialogueTrigger.cs: 6892ca3e8a39dce550b1fdeb80bddaa1 -> 
  custom:video-encoder-webm-vp8: eb34c28f22e8b96e1ab97ce403110664 -> 
  custom:audio-decoder-ogg-vorbis: bf7c407c2cedff20999df2af8eb42d56 -> 
  custom:scripting/monoscript/fileName/FollowTarget.cs: 63124a3107f1b26a367b11384bde8238 -> 
  custom:scripting/monoscript/fileName/TestMessage_Selection.cs: 98c28a7e613d293aa99b5eeecc980928 -> 
  custom:scripting/monoscript/fileName/SimpleNavAgentAnimation.cs: cf5684c82edbfbb294ad92f66754ec70 -> 
  custom:scripting/monoscript/fileName/DialogueCharacter.cs: 21de41370f05905b9f5a0af418c3205b -> 
  custom:audio-encoder-webm-vorbis: bf7c407c2cedff20999df2af8eb42d56 -> 
  custom:scripting/monoscript/fileName/DialogBase.cs: e52e3f61b4c9bdbe8b79e67f9f99937b -> 
  custom:scripting/monoscript/fileName/EmotionDrawer.cs: bc670e6eba860d8af2c8e07fddf0064b -> 
========================================================================
Received Prepare
Begin MonoManager ReloadAssembly
- Loaded All Assemblies, in  0.292 seconds
Refreshing native plugins compatible for Editor in 1.44 ms, found 3 plugins.
Native extension for WindowsStandalone target not found
Native extension for WebGL target not found
[Package Manager] Server::EnsureServerProcessIsRunning -- launch failed, reason: Unity was launched with the -noUpm command-line argument
[Package Manager] UpmClient::Send -- Unable to send message (not connected to UPM process).
[Package Manager] Cannot connect to Unity Package Manager local server
Mono: successfully reloaded assembly
- Finished resetting the current domain, in  0.778 seconds
Domain Reload Profiling: 1070ms
	BeginReloadAssembly (116ms)
		ExecutionOrderSort (0ms)
		DisableScriptedObjects (3ms)
		BackupInstance (0ms)
		ReleaseScriptingObjects (0ms)
		CreateAndSetChildDomain (28ms)
	RebuildCommonClasses (28ms)
	RebuildNativeTypeToScriptingClass (11ms)
	initialDomainReloadingComplete (18ms)
	LoadAllAssembliesAndSetupDomain (118ms)
		LoadAssemblies (167ms)
		RebuildTransferFunctionScriptingTraits (0ms)
		AnalyzeDomain (12ms)
			TypeCache.Refresh (5ms)
				TypeCache.ScanAssembly (0ms)
			ScanForSourceGeneratedMonoScriptInfo (0ms)
			ResolveRequiredComponents (6ms)
	FinalizeReload (778ms)
		ReleaseScriptCaches (0ms)
		RebuildScriptCaches (0ms)
		SetupLoadedEditorAssemblies (474ms)
			LogAssemblyErrors (0ms)
			InitializePlatformSupportModulesInManaged (4ms)
			SetLoadedEditorAssemblies (2ms)
			RefreshPlugins (0ms)
			BeforeProcessingInitializeOnLoad (40ms)
			ProcessInitializeOnLoadAttributes (412ms)
			ProcessInitializeOnLoadMethodAttributes (14ms)
			AfterProcessingInitializeOnLoad (2ms)
			EditorAssembliesLoaded (0ms)
		ExecutionOrderSort2 (0ms)
		AwakeInstancesAfterBackupRestoration (6ms)
Refreshing native plugins compatible for Editor in 1.81 ms, found 3 plugins.
Preloading 0 native plugins for Editor in 0.00 ms.
Unloading 3374 Unused Serialized files (Serialized files now loaded: 0)
Unloading 26 unused Assets / (317.8 KB). Loaded Objects now: 3912.
Memory consumption went from 127.0 MB to 126.7 MB.
Total: 3.232200 ms (FindLiveObjects: 0.302100 ms CreateObjectMapping: 0.120100 ms MarkObjects: 2.703600 ms  DeleteObjects: 0.104900 ms)

Prepare: number of updated asset objects reloaded= 0
AssetImportParameters requested are different than current active one (requested -> active):
  custom:container-demuxer-ogg: 62fdf1f143b41e24485cea50d1cbac27 -> 
  custom:scripting/monoscript/fileName/TestMessage.cs: c151c514111c3e4bdd8c24aa841dfbfe -> 
  custom:scripting/monoscript/fileName/Movement2D.cs: 1cf81e42337f4735d467a8ce2f3ac35e -> 
  custom:video-decoder-ogg-theora: a1e56fd34408186e4bbccfd4996cb3dc -> 
  custom:framework-win-MediaFoundation: 216162199b28c13a410421893ffa2e32 -> 
  custom:CustomObjectIndexerAttribute: 756ad292c208cfabdd7b50bc23989ffe -> 
  custom:container-demuxer-webm: 4f35f7cbe854078d1ac9338744f61a02 -> 
  custom:scripting/monoscript/fileName/ClickMovement.cs: fbdd972bf30b929a6f7e129e91bb41e9 -> 
  custom:scripting/monoscript/fileName/DialogueUI.cs: a2104b8f7520c27bb29c5145452c68af -> 
  custom:scripting/monoscript/fileName/ShinjiDialogue.cs: 82554c4a114386d5eb392d1c098b2580 -> 
  custom:scripting/monoscript/fileName/Door.cs: e594c8ff05d11b07988fd85149762f72 -> 
  custom:container-muxer-webm: aa71ff27fc2769a1b78a27578f13a17b -> 
  custom:video-decoder-webm-vp8: 9c59270c3fd7afecdb556c50c9e8de78 -> 
  custom:SearchIndexIgnoredProperties: e643bd26f0fe6173181afceb89e7c659 -> 
  custom:AudioImporter_EditorPlatform: d09bf68614088b80899f8185d706f6e7 -> 
  custom:scripting/monoscript/fileName/Shinji Dialogue.cs: 82554c4a114386d5eb392d1c098b2580 -> 
  custom:scripting/monoscript/fileName/DialogManager.cs: bce1a4c8a52dfb710215df45053e548a -> 
  custom:scripting/monoscript/fileName/Dialogue.cs: 2dcb33d5ca63a35e90533ce3223d831c -> 
  custom:scripting/monoscript/fileName/Character.cs: 92ed833291b4b14c6c9e5a9123740bd2 -> 
  custom:scripting/monoscript/fileName/DialogueManager.cs: f8dbcf8c22a3753ba565d59d7316a62b -> 2dcb33d5ca63a35e90533ce3223d831c
  custom:scripting/monoscript/fileName/DialogueTrigger.cs: 6892ca3e8a39dce550b1fdeb80bddaa1 -> 
  custom:video-encoder-webm-vp8: eb34c28f22e8b96e1ab97ce403110664 -> 
  custom:audio-decoder-ogg-vorbis: bf7c407c2cedff20999df2af8eb42d56 -> 
  custom:scripting/monoscript/fileName/FollowTarget.cs: 63124a3107f1b26a367b11384bde8238 -> 
  custom:scripting/monoscript/fileName/TestMessage_Selection.cs: 98c28a7e613d293aa99b5eeecc980928 -> 
  custom:scripting/monoscript/fileName/SimpleNavAgentAnimation.cs: cf5684c82edbfbb294ad92f66754ec70 -> 
  custom:scripting/monoscript/fileName/DialogueCharacter.cs: 21de41370f05905b9f5a0af418c3205b -> 
  custom:audio-encoder-webm-vorbis: bf7c407c2cedff20999df2af8eb42d56 -> 
  custom:scripting/monoscript/fileName/DialogBase.cs: e52e3f61b4c9bdbe8b79e67f9f99937b -> 
  custom:scripting/monoscript/fileName/EmotionDrawer.cs: bc670e6eba860d8af2c8e07fddf0064b -> 
========================================================================
Received Prepare
Refreshing native plugins compatible for Editor in 1.75 ms, found 3 plugins.
Preloading 0 native plugins for Editor in 0.00 ms.
Unloading 5 Unused Serialized files (Serialized files now loaded: 0)
Unloading 5 unused Assets / (299.1 KB). Loaded Objects now: 3912.
Memory consumption went from 75.0 MB to 74.7 MB.
Total: 3.402300 ms (FindLiveObjects: 0.266700 ms CreateObjectMapping: 0.088100 ms MarkObjects: 2.962700 ms  DeleteObjects: 0.084100 ms)

Prepare: number of updated asset objects reloaded= 0
AssetImportParameters requested are different than current active one (requested -> active):
  custom:container-demuxer-ogg: 62fdf1f143b41e24485cea50d1cbac27 -> 
  custom:scripting/monoscript/fileName/TestMessage.cs: c151c514111c3e4bdd8c24aa841dfbfe -> 
  custom:scripting/monoscript/fileName/Movement2D.cs: 1cf81e42337f4735d467a8ce2f3ac35e -> 
  custom:video-decoder-ogg-theora: a1e56fd34408186e4bbccfd4996cb3dc -> 
  custom:framework-win-MediaFoundation: 216162199b28c13a410421893ffa2e32 -> 
  custom:CustomObjectIndexerAttribute: 756ad292c208cfabdd7b50bc23989ffe -> 
  custom:container-demuxer-webm: 4f35f7cbe854078d1ac9338744f61a02 -> 
  custom:scripting/monoscript/fileName/ClickMovement.cs: fbdd972bf30b929a6f7e129e91bb41e9 -> 
  custom:scripting/monoscript/fileName/DialogueUI.cs: a2104b8f7520c27bb29c5145452c68af -> 
  custom:scripting/monoscript/fileName/ShinjiDialogue.cs: 82554c4a114386d5eb392d1c098b2580 -> 
  custom:scripting/monoscript/fileName/Door.cs: e594c8ff05d11b07988fd85149762f72 -> 
  custom:container-muxer-webm: aa71ff27fc2769a1b78a27578f13a17b -> 
  custom:video-decoder-webm-vp8: 9c59270c3fd7afecdb556c50c9e8de78 -> 
  custom:SearchIndexIgnoredProperties: e643bd26f0fe6173181afceb89e7c659 -> 
  custom:AudioImporter_EditorPlatform: d09bf68614088b80899f8185d706f6e7 -> 
  custom:scripting/monoscript/fileName/Shinji Dialogue.cs: 82554c4a114386d5eb392d1c098b2580 -> 
  custom:scripting/monoscript/fileName/DialogManager.cs: bce1a4c8a52dfb710215df45053e548a -> 
  custom:scripting/monoscript/fileName/Dialogue.cs: 2dcb33d5ca63a35e90533ce3223d831c -> 
  custom:scripting/monoscript/fileName/Character.cs: 92ed833291b4b14c6c9e5a9123740bd2 -> 
  custom:scripting/monoscript/fileName/DialogueManager.cs: f8dbcf8c22a3753ba565d59d7316a62b -> 2dcb33d5ca63a35e90533ce3223d831c
  custom:scripting/monoscript/fileName/DialogueTrigger.cs: 6892ca3e8a39dce550b1fdeb80bddaa1 -> 
  custom:video-encoder-webm-vp8: eb34c28f22e8b96e1ab97ce403110664 -> 
  custom:audio-decoder-ogg-vorbis: bf7c407c2cedff20999df2af8eb42d56 -> 
  custom:scripting/monoscript/fileName/FollowTarget.cs: 63124a3107f1b26a367b11384bde8238 -> 
  custom:scripting/monoscript/fileName/TestMessage_Selection.cs: 98c28a7e613d293aa99b5eeecc980928 -> 
  custom:scripting/monoscript/fileName/SimpleNavAgentAnimation.cs: cf5684c82edbfbb294ad92f66754ec70 -> 
  custom:scripting/monoscript/fileName/DialogueCharacter.cs: 21de41370f05905b9f5a0af418c3205b -> 
  custom:audio-encoder-webm-vorbis: bf7c407c2cedff20999df2af8eb42d56 -> 
  custom:scripting/monoscript/fileName/DialogBase.cs: e52e3f61b4c9bdbe8b79e67f9f99937b -> 
  custom:scripting/monoscript/fileName/EmotionDrawer.cs: bc670e6eba860d8af2c8e07fddf0064b -> 
