Using pre-set license
Built from '2022.3/staging' branch; Version is '2022.3.9f1 (ea401c316338) revision 15351836'; Using compiler version '192829333'; Build Type 'Release'
OS: 'Windows 11  (10.0.22631) 64bit Professional' Language: 'en' Physical Memory: 16306 MB
BatchMode: 1, IsHumanControllingUs: 0, StartBugReporterOnCrash: 0, Is64bit: 1, IsPro: 1

COMMAND LINE ARGUMENTS:
S:\unity\unity\2022.3.9f1\Editor\Unity.exe
-adb2
-batchMode
-noUpm
-name
AssetImportWorker4
-projectPath
S:/Unity Tower Defense/Tower Defense
-logFile
Logs/AssetImportWorker4.log
-srvPort
54462
Successfully changed project path to: S:/Unity Tower Defense/Tower Defense
S:/Unity Tower Defense/Tower Defense
[UnityMemory] Configuration Parameters - Can be set up in boot.config
    "memorysetup-bucket-allocator-granularity=16"
    "memorysetup-bucket-allocator-bucket-count=8"
    "memorysetup-bucket-allocator-block-size=33554432"
    "memorysetup-bucket-allocator-block-count=8"
    "memorysetup-main-allocator-block-size=16777216"
    "memorysetup-thread-allocator-block-size=16777216"
    "memorysetup-gfx-main-allocator-block-size=16777216"
    "memorysetup-gfx-thread-allocator-block-size=16777216"
    "memorysetup-cache-allocator-block-size=4194304"
    "memorysetup-typetree-allocator-block-size=2097152"
    "memorysetup-profiler-bucket-allocator-granularity=16"
    "memorysetup-profiler-bucket-allocator-bucket-count=8"
    "memorysetup-profiler-bucket-allocator-block-size=33554432"
    "memorysetup-profiler-bucket-allocator-block-count=8"
    "memorysetup-profiler-allocator-block-size=16777216"
    "memorysetup-profiler-editor-allocator-block-size=1048576"
    "memorysetup-temp-allocator-size-main=16777216"
    "memorysetup-job-temp-allocator-block-size=2097152"
    "memorysetup-job-temp-allocator-block-size-background=1048576"
    "memorysetup-job-temp-allocator-reduction-small-platforms=262144"
    "memorysetup-allocator-temp-initial-block-size-main=262144"
    "memorysetup-allocator-temp-initial-block-size-worker=262144"
    "memorysetup-temp-allocator-size-background-worker=32768"
    "memorysetup-temp-allocator-size-job-worker=262144"
    "memorysetup-temp-allocator-size-preload-manager=33554432"
    "memorysetup-temp-allocator-size-nav-mesh-worker=65536"
    "memorysetup-temp-allocator-size-audio-worker=65536"
    "memorysetup-temp-allocator-size-cloud-worker=32768"
    "memorysetup-temp-allocator-size-gi-baking-worker=262144"
    "memorysetup-temp-allocator-size-gfx=262144"
Player connection [34800] Host "[IP] 10.0.0.118 [Port] 0 [Flags] 2 [Guid] 4167888583 [EditorId] 4167888583 [Version] 1048832 [Id] WindowsEditor(7,KAUSHAL-RIG) [Debug] 1 [PackageName] WindowsEditor [ProjectName] Editor" joined multi-casting on [225.0.0.222:54997]...

Player connection [34800] Host "[IP] 10.0.0.118 [Port] 0 [Flags] 2 [Guid] 4167888583 [EditorId] 4167888583 [Version] 1048832 [Id] WindowsEditor(7,KAUSHAL-RIG) [Debug] 1 [PackageName] WindowsEditor [ProjectName] Editor" joined alternative multi-casting on [225.0.0.222:34997]...

[Physics::Module] Initialized MultithreadedJobDispatcher with 15 workers.
Refreshing native plugins compatible for Editor in 4.15 ms, found 3 plugins.
Preloading 0 native plugins for Editor in 0.00 ms.
Initialize engine version: 2022.3.9f1 (ea401c316338)
[Subsystems] Discovering subsystems at path S:/unity/unity/2022.3.9f1/Editor/Data/Resources/UnitySubsystems
[Subsystems] Discovering subsystems at path S:/Unity Tower Defense/Tower Defense/Assets
GfxDevice: creating device client; threaded=0; jobified=0
Direct3D:
    Version:  Direct3D 11.0 [level 11.1]
    Renderer: NVIDIA GeForce RTX 3060 (ID=0x2504)
    Vendor:   NVIDIA
    VRAM:     12115 MB
    Driver:   32.0.15.6590
Initialize mono
Mono path[0] = 'S:/unity/unity/2022.3.9f1/Editor/Data/Managed'
Mono path[1] = 'S:/unity/unity/2022.3.9f1/Editor/Data/MonoBleedingEdge/lib/mono/unityjit-win32'
Mono config path = 'S:/unity/unity/2022.3.9f1/Editor/Data/MonoBleedingEdge/etc'
Using monoOptions --debugger-agent=transport=dt_socket,embedding=1,server=y,suspend=n,address=127.0.0.1:56828
Begin MonoManager ReloadAssembly
Registering precompiled unity dll's ...
Register platform support module: S:/unity/unity/2022.3.9f1/Editor/Data/PlaybackEngines/WebGLSupport/UnityEditor.WebGL.Extensions.dll
Register platform support module: S:/unity/unity/2022.3.9f1/Editor/Data/PlaybackEngines/WindowsStandaloneSupport/UnityEditor.WindowsStandalone.Extensions.dll
Registered in 0.003099 seconds.
- Loaded All Assemblies, in  0.340 seconds
Native extension for WindowsStandalone target not found
Native extension for WebGL target not found
Mono: successfully reloaded assembly
- Finished resetting the current domain, in  0.210 seconds
Domain Reload Profiling: 550ms
	BeginReloadAssembly (102ms)
		ExecutionOrderSort (0ms)
		DisableScriptedObjects (0ms)
		BackupInstance (0ms)
		ReleaseScriptingObjects (0ms)
		CreateAndSetChildDomain (1ms)
	RebuildCommonClasses (42ms)
	RebuildNativeTypeToScriptingClass (14ms)
	initialDomainReloadingComplete (44ms)
	LoadAllAssembliesAndSetupDomain (138ms)
		LoadAssemblies (101ms)
		RebuildTransferFunctionScriptingTraits (0ms)
		AnalyzeDomain (136ms)
			TypeCache.Refresh (134ms)
				TypeCache.ScanAssembly (122ms)
			ScanForSourceGeneratedMonoScriptInfo (0ms)
			ResolveRequiredComponents (1ms)
	FinalizeReload (210ms)
		ReleaseScriptCaches (0ms)
		RebuildScriptCaches (0ms)
		SetupLoadedEditorAssemblies (158ms)
			LogAssemblyErrors (0ms)
			InitializePlatformSupportModulesInManaged (7ms)
			SetLoadedEditorAssemblies (5ms)
			RefreshPlugins (0ms)
			BeforeProcessingInitializeOnLoad (2ms)
			ProcessInitializeOnLoadAttributes (106ms)
			ProcessInitializeOnLoadMethodAttributes (38ms)
			AfterProcessingInitializeOnLoad (0ms)
			EditorAssembliesLoaded (0ms)
		ExecutionOrderSort2 (0ms)
		AwakeInstancesAfterBackupRestoration (0ms)
========================================================================
Worker process is ready to serve import requests
Begin MonoManager ReloadAssembly
- Loaded All Assemblies, in  0.462 seconds
Refreshing native plugins compatible for Editor in 1.31 ms, found 3 plugins.
Native extension for WindowsStandalone target not found
Native extension for WebGL target not found
Package Manager log level set to [2]
[Package Manager] Server::EnsureServerProcessIsRunning -- launch failed, reason: Unity was launched with the -noUpm command-line argument
[Package Manager] UpmClient::Send -- Unable to send message (not connected to UPM process).
[Package Manager] Cannot connect to Unity Package Manager local server
Mono: successfully reloaded assembly
- Finished resetting the current domain, in  0.640 seconds
Domain Reload Profiling: 1102ms
	BeginReloadAssembly (115ms)
		ExecutionOrderSort (0ms)
		DisableScriptedObjects (5ms)
		BackupInstance (0ms)
		ReleaseScriptingObjects (0ms)
		CreateAndSetChildDomain (17ms)
	RebuildCommonClasses (29ms)
	RebuildNativeTypeToScriptingClass (10ms)
	initialDomainReloadingComplete (28ms)
	LoadAllAssembliesAndSetupDomain (280ms)
		LoadAssemblies (193ms)
		RebuildTransferFunctionScriptingTraits (0ms)
		AnalyzeDomain (152ms)
			TypeCache.Refresh (133ms)
				TypeCache.ScanAssembly (119ms)
			ScanForSourceGeneratedMonoScriptInfo (12ms)
			ResolveRequiredComponents (6ms)
	FinalizeReload (640ms)
		ReleaseScriptCaches (0ms)
		RebuildScriptCaches (0ms)
		SetupLoadedEditorAssemblies (517ms)
			LogAssemblyErrors (0ms)
			InitializePlatformSupportModulesInManaged (4ms)
			SetLoadedEditorAssemblies (3ms)
			RefreshPlugins (0ms)
			BeforeProcessingInitializeOnLoad (41ms)
			ProcessInitializeOnLoadAttributes (453ms)
			ProcessInitializeOnLoadMethodAttributes (15ms)
			AfterProcessingInitializeOnLoad (2ms)
			EditorAssembliesLoaded (0ms)
		ExecutionOrderSort2 (0ms)
		AwakeInstancesAfterBackupRestoration (6ms)
Launched and connected shader compiler UnityShaderCompiler.exe after 0.04 seconds
Refreshing native plugins compatible for Editor in 1.36 ms, found 3 plugins.
Preloading 0 native plugins for Editor in 0.00 ms.
Unloading 3420 Unused Serialized files (Serialized files now loaded: 0)
Unloading 35 unused Assets / (346.8 KB). Loaded Objects now: 3890.
Memory consumption went from 136.3 MB to 136.0 MB.
Total: 3.362400 ms (FindLiveObjects: 0.302500 ms CreateObjectMapping: 0.097200 ms MarkObjects: 2.757900 ms  DeleteObjects: 0.203100 ms)

AssetImportParameters requested are different than current active one (requested -> active):
  custom:container-demuxer-ogg: 62fdf1f143b41e24485cea50d1cbac27 -> 
  custom:video-decoder-ogg-theora: a1e56fd34408186e4bbccfd4996cb3dc -> 
  custom:framework-win-MediaFoundation: 216162199b28c13a410421893ffa2e32 -> 
  custom:CustomObjectIndexerAttribute: 756ad292c208cfabdd7b50bc23989ffe -> 
  custom:container-demuxer-webm: 4f35f7cbe854078d1ac9338744f61a02 -> 
  custom:scripting/monoscript/fileName/ShinjiDialogue.cs: 82554c4a114386d5eb392d1c098b2580 -> 
  custom:container-muxer-webm: aa71ff27fc2769a1b78a27578f13a17b -> 
  custom:video-decoder-webm-vp8: 9c59270c3fd7afecdb556c50c9e8de78 -> 
  custom:SearchIndexIgnoredProperties: e643bd26f0fe6173181afceb89e7c659 -> 
  custom:AudioImporter_EditorPlatform: d09bf68614088b80899f8185d706f6e7 -> 
  custom:video-encoder-webm-vp8: eb34c28f22e8b96e1ab97ce403110664 -> 
  custom:audio-decoder-ogg-vorbis: bf7c407c2cedff20999df2af8eb42d56 -> 
  custom:audio-encoder-webm-vorbis: bf7c407c2cedff20999df2af8eb42d56 -> 
========================================================================
Received Import Request.
  Time since last request: 211822.539213 seconds.
  path: Assets/TextMesh Pro/Examples & Extras/Resources/Fonts & Materials/Anton SDF - Drop Shadow.mat
  artifactKey: Guid(749b9069dc4742c5bfa5c74644049926) Importer(815301076,1909f56bfc062723c751e8b465ee728b)
Start importing Assets/TextMesh Pro/Examples & Extras/Resources/Fonts & Materials/Anton SDF - Drop Shadow.mat using Guid(749b9069dc4742c5bfa5c74644049926) Importer(815301076,1909f56bfc062723c751e8b465ee728b)  -> (artifact id: 'a97a5c78dea5de9e750b39faae3d71b3') in 0.142950 seconds
Number of updated asset objects reloaded before import = 0
Number of asset objects unloaded after import = 2
========================================================================
Received Import Request.
  Time since last request: 0.000028 seconds.
  path: Assets/UnityTechnologies/TowerDefenseTemplate/Materials/Player/HeadQuarters_tex_v001.mat
  artifactKey: Guid(19049764cb9244e399c35d55307516bc) Importer(815301076,1909f56bfc062723c751e8b465ee728b)
Start importing Assets/UnityTechnologies/TowerDefenseTemplate/Materials/Player/HeadQuarters_tex_v001.mat using Guid(19049764cb9244e399c35d55307516bc) Importer(815301076,1909f56bfc062723c751e8b465ee728b)  -> (artifact id: 'ed9f212fa238a250a7d256d3ace0734e') in 0.215800 seconds
Number of updated asset objects reloaded before import = 0
Number of asset objects unloaded after import = 2
========================================================================
Received Import Request.
  Time since last request: 0.000024 seconds.
  path: Assets/UnityTechnologies/TowerDefenseTemplate/Materials/Units/Buggy_Albedo_V001.mat
  artifactKey: Guid(6d0f3745ac74f4783907288920b96775) Importer(815301076,1909f56bfc062723c751e8b465ee728b)
Start importing Assets/UnityTechnologies/TowerDefenseTemplate/Materials/Units/Buggy_Albedo_V001.mat using Guid(6d0f3745ac74f4783907288920b96775) Importer(815301076,1909f56bfc062723c751e8b465ee728b)  -> (artifact id: '9957638fe716387f9d3e862b33c3ff0f') in 0.073624 seconds
Number of updated asset objects reloaded before import = 0
Number of asset objects unloaded after import = 2
========================================================================
Received Import Request.
  Time since last request: 0.000015 seconds.
  path: Assets/UnityTechnologies/TowerDefenseTemplate/Models/Units/Materials/TankBoss_Albedo_V001.mat
  artifactKey: Guid(b9f2a11f3e13a884998bba58aaa61c4b) Importer(815301076,1909f56bfc062723c751e8b465ee728b)
Start importing Assets/UnityTechnologies/TowerDefenseTemplate/Models/Units/Materials/TankBoss_Albedo_V001.mat using Guid(b9f2a11f3e13a884998bba58aaa61c4b) Importer(815301076,1909f56bfc062723c751e8b465ee728b)  -> (artifact id: '615161aa05a21ee76eef79e9750d5e82') in 0.080054 seconds
Number of updated asset objects reloaded before import = 0
Number of asset objects unloaded after import = 1
========================================================================
Received Import Request.
  Time since last request: 0.000017 seconds.
  path: Assets/UnityTechnologies/TowerDefenseTemplate/Materials/Towers/Laser/LaserTower_L02_Albedo_V001.mat
  artifactKey: Guid(8eff134bfd79a4eb08e8fca44b80843a) Importer(815301076,1909f56bfc062723c751e8b465ee728b)
Start importing Assets/UnityTechnologies/TowerDefenseTemplate/Materials/Towers/Laser/LaserTower_L02_Albedo_V001.mat using Guid(8eff134bfd79a4eb08e8fca44b80843a) Importer(815301076,1909f56bfc062723c751e8b465ee728b)  -> (artifact id: '3bd9875d7ebf0582fb05c3244177e088') in 0.015274 seconds
Number of updated asset objects reloaded before import = 0
Number of asset objects unloaded after import = 2
========================================================================
Received Import Request.
  Time since last request: 0.000017 seconds.
  path: Assets/TextMesh Pro/Examples & Extras/Resources/Fonts & Materials/Roboto-Bold SDF - Drop Shadow.mat
  artifactKey: Guid(b246c4190f4e46ec9352fe15a7b09ce0) Importer(815301076,1909f56bfc062723c751e8b465ee728b)
Start importing Assets/TextMesh Pro/Examples & Extras/Resources/Fonts & Materials/Roboto-Bold SDF - Drop Shadow.mat using Guid(b246c4190f4e46ec9352fe15a7b09ce0) Importer(815301076,1909f56bfc062723c751e8b465ee728b)  -> (artifact id: 'e689c4a4128c14cafc6d7c78cb0738d4') in 0.011273 seconds
Number of updated asset objects reloaded before import = 0
Number of asset objects unloaded after import = 2
========================================================================
Received Import Request.
  Time since last request: 0.000021 seconds.
  path: Assets/UnityTechnologies/TowerDefenseTemplate/Materials/UI/PlacementAreaMobileFillled.mat
  artifactKey: Guid(b4e5a88efb50046ce888a30e73866d58) Importer(815301076,1909f56bfc062723c751e8b465ee728b)
Start importing Assets/UnityTechnologies/TowerDefenseTemplate/Materials/UI/PlacementAreaMobileFillled.mat using Guid(b4e5a88efb50046ce888a30e73866d58) Importer(815301076,1909f56bfc062723c751e8b465ee728b)  -> (artifact id: '56430187a5fe0a4bed13afbaf4d439ac') in 0.033095 seconds
Number of updated asset objects reloaded before import = 0
Number of asset objects unloaded after import = 2
========================================================================
Received Import Request.
  Time since last request: 0.000020 seconds.
  path: Assets/UnityTechnologies/TowerDefenseTemplate/Materials/Units/Helicopter_Orange_Albedo_V001.mat
  artifactKey: Guid(3338f664595ab4c84ba377f3c47e11d8) Importer(815301076,1909f56bfc062723c751e8b465ee728b)
Start importing Assets/UnityTechnologies/TowerDefenseTemplate/Materials/Units/Helicopter_Orange_Albedo_V001.mat using Guid(3338f664595ab4c84ba377f3c47e11d8) Importer(815301076,1909f56bfc062723c751e8b465ee728b)  -> (artifact id: '018b0e51eaf158e03aba8c07b01f154f') in 0.013699 seconds
Number of updated asset objects reloaded before import = 0
Number of asset objects unloaded after import = 2
========================================================================
Received Import Request.
  Time since last request: 0.000019 seconds.
  path: Assets/UnityTechnologies/TowerDefenseTemplate/Materials/Particles/LaserImpact.mat
  artifactKey: Guid(130c02f63c5e04bc7b4c526420052385) Importer(815301076,1909f56bfc062723c751e8b465ee728b)
Start importing Assets/UnityTechnologies/TowerDefenseTemplate/Materials/Particles/LaserImpact.mat using Guid(130c02f63c5e04bc7b4c526420052385) Importer(815301076,1909f56bfc062723c751e8b465ee728b)  -> (artifact id: '356baa0b0c9a02769a923f94c5497c59') in 0.032332 seconds
Number of updated asset objects reloaded before import = 0
Number of asset objects unloaded after import = 2
========================================================================
Received Import Request.
  Time since last request: 0.000014 seconds.
  path: Assets/TextMesh Pro/Fonts/LiberationSans.ttf
  artifactKey: Guid(e3265ab4bf004d28a9537516768c1c75) Importer(815301076,1909f56bfc062723c751e8b465ee728b)
Start importing Assets/TextMesh Pro/Fonts/LiberationSans.ttf using Guid(e3265ab4bf004d28a9537516768c1c75) Importer(815301076,1909f56bfc062723c751e8b465ee728b)  -> (artifact id: '8756f7c291147a75e95d0f4a0d9e7e56') in 0.015627 seconds
Number of updated asset objects reloaded before import = 0
Number of asset objects unloaded after import = 4
========================================================================
Received Import Request.
  Time since last request: 0.000014 seconds.
  path: Assets/UnityTechnologies/TowerDefenseTemplate/Materials/Particles/MuzzleFlash.mat
  artifactKey: Guid(4ae7a6ababf2440e29641f226bd6e7da) Importer(815301076,1909f56bfc062723c751e8b465ee728b)
Start importing Assets/UnityTechnologies/TowerDefenseTemplate/Materials/Particles/MuzzleFlash.mat using Guid(4ae7a6ababf2440e29641f226bd6e7da) Importer(815301076,1909f56bfc062723c751e8b465ee728b)  -> (artifact id: '89a36841c9b6f3cf7fc4c156ed65d12f') in 0.207048 seconds
Number of updated asset objects reloaded before import = 0
Number of asset objects unloaded after import = 2
========================================================================
Received Import Request.
  Time since last request: 0.000016 seconds.
  path: Assets/UnityTechnologies/TowerDefenseTemplate/Materials/Particles/SlowFx.mat
  artifactKey: Guid(356b96f82f25742778c3132e0efded21) Importer(815301076,1909f56bfc062723c751e8b465ee728b)
Start importing Assets/UnityTechnologies/TowerDefenseTemplate/Materials/Particles/SlowFx.mat using Guid(356b96f82f25742778c3132e0efded21) Importer(815301076,1909f56bfc062723c751e8b465ee728b)  -> (artifact id: 'a3e6ecd17bd3aa9a7e06e97dfb4ac9d0') in 0.011393 seconds
Number of updated asset objects reloaded before import = 0
Number of asset objects unloaded after import = 2
========================================================================
Received Import Request.
  Time since last request: 0.000026 seconds.
  path: Assets/UnityTechnologies/TowerDefenseTemplate/Materials/Towers/MachineGun/MachineGun_Level3_tex_v003.mat
  artifactKey: Guid(ad5cc5335413e43df84ae6caa151caf6) Importer(815301076,1909f56bfc062723c751e8b465ee728b)
Start importing Assets/UnityTechnologies/TowerDefenseTemplate/Materials/Towers/MachineGun/MachineGun_Level3_tex_v003.mat using Guid(ad5cc5335413e43df84ae6caa151caf6) Importer(815301076,1909f56bfc062723c751e8b465ee728b)  -> (artifact id: '051c3d7d93462eda2547714874fba776') in 0.014327 seconds
Number of updated asset objects reloaded before import = 0
Number of asset objects unloaded after import = 2
========================================================================
Received Import Request.
  Time since last request: 0.000017 seconds.
  path: Assets/TextMesh Pro/Examples & Extras/Materials/Small Crate_diffuse.mat
  artifactKey: Guid(22262639920f43d6be32430e4e58350d) Importer(815301076,1909f56bfc062723c751e8b465ee728b)
Start importing Assets/TextMesh Pro/Examples & Extras/Materials/Small Crate_diffuse.mat using Guid(22262639920f43d6be32430e4e58350d) Importer(815301076,1909f56bfc062723c751e8b465ee728b)  -> (artifact id: '7fa4d374c2e9c19725ee14153d2737c2') in 0.191543 seconds
Number of updated asset objects reloaded before import = 0
Number of asset objects unloaded after import = 3
========================================================================
Received Import Request.
  Time since last request: 0.000018 seconds.
  path: Assets/UnityTechnologies/TowerDefenseTemplate/Materials/Towers/Laser/LaserTower_L01_Albedo_V001.mat
  artifactKey: Guid(a7802b36d3aa74adea88c646f6982ca7) Importer(815301076,1909f56bfc062723c751e8b465ee728b)
Start importing Assets/UnityTechnologies/TowerDefenseTemplate/Materials/Towers/Laser/LaserTower_L01_Albedo_V001.mat using Guid(a7802b36d3aa74adea88c646f6982ca7) Importer(815301076,1909f56bfc062723c751e8b465ee728b)  -> (artifact id: '3123009421da67f4a8b7da7bff0f3235') in 0.013186 seconds
Number of updated asset objects reloaded before import = 0
Number of asset objects unloaded after import = 2
========================================================================
Received Import Request.
  Time since last request: 0.000023 seconds.
  path: Assets/UnityTechnologies/TowerDefenseTemplate/Models/Towers/EMP Tower/Materials/EMP_Tower_level_1_tex_v001.mat
  artifactKey: Guid(e313567b9545d254d84c58218d20ca44) Importer(815301076,1909f56bfc062723c751e8b465ee728b)
Start importing Assets/UnityTechnologies/TowerDefenseTemplate/Models/Towers/EMP Tower/Materials/EMP_Tower_level_1_tex_v001.mat using Guid(e313567b9545d254d84c58218d20ca44) Importer(815301076,1909f56bfc062723c751e8b465ee728b)  -> (artifact id: 'c7ec98cac20093c359ec882a058b3009') in 0.011539 seconds
Number of updated asset objects reloaded before import = 0
Number of asset objects unloaded after import = 1
========================================================================
Received Import Request.
  Time since last request: 0.000028 seconds.
  path: Assets/UnityTechnologies/TowerDefenseTemplate/Materials/Projectiles/Enemy_Projectile.mat
  artifactKey: Guid(5fd22cfe457734c8b9840096269b369f) Importer(815301076,1909f56bfc062723c751e8b465ee728b)
Start importing Assets/UnityTechnologies/TowerDefenseTemplate/Materials/Projectiles/Enemy_Projectile.mat using Guid(5fd22cfe457734c8b9840096269b369f) Importer(815301076,1909f56bfc062723c751e8b465ee728b)  -> (artifact id: 'aee8b3bcb96d6ca68c77320a1e041d75') in 0.013048 seconds
Number of updated asset objects reloaded before import = 0
Number of asset objects unloaded after import = 2
========================================================================
Received Import Request.
  Time since last request: 0.000018 seconds.
  path: Assets/UnityTechnologies/TowerDefenseTemplate/Materials/UI/SinglePlacementTileMobile.mat
  artifactKey: Guid(f44ec7c6c86744a879f89386693d1c9b) Importer(815301076,1909f56bfc062723c751e8b465ee728b)
Start importing Assets/UnityTechnologies/TowerDefenseTemplate/Materials/UI/SinglePlacementTileMobile.mat using Guid(f44ec7c6c86744a879f89386693d1c9b) Importer(815301076,1909f56bfc062723c751e8b465ee728b)  -> (artifact id: '7c4760c193ced15261f4630a24b9aa9a') in 0.011019 seconds
Number of updated asset objects reloaded before import = 0
Number of asset objects unloaded after import = 2
========================================================================
Received Import Request.
  Time since last request: 0.000024 seconds.
  path: Assets/UnityTechnologies/TowerDefenseTemplate/Materials/Particles/Tracer.mat
  artifactKey: Guid(797155fd5d32b4e2e86c57d06205110b) Importer(815301076,1909f56bfc062723c751e8b465ee728b)
Start importing Assets/UnityTechnologies/TowerDefenseTemplate/Materials/Particles/Tracer.mat using Guid(797155fd5d32b4e2e86c57d06205110b) Importer(815301076,1909f56bfc062723c751e8b465ee728b)  -> (artifact id: 'bc68e2379d25df65c8c74491681efdcb') in 0.012359 seconds
Number of updated asset objects reloaded before import = 0
Number of asset objects unloaded after import = 2
========================================================================
Received Import Request.
  Time since last request: 0.000019 seconds.
  path: Assets/UnityTechnologies/TowerDefenseTemplate/Materials/Particles/EnergyGainGlow.mat
  artifactKey: Guid(6b6852729eeab45e9bf2fa22196afeea) Importer(815301076,1909f56bfc062723c751e8b465ee728b)
Start importing Assets/UnityTechnologies/TowerDefenseTemplate/Materials/Particles/EnergyGainGlow.mat using Guid(6b6852729eeab45e9bf2fa22196afeea) Importer(815301076,1909f56bfc062723c751e8b465ee728b)  -> (artifact id: '0803518763ed3b0fbba2df74f40b9aa1') in 0.036257 seconds
Number of updated asset objects reloaded before import = 0
Number of asset objects unloaded after import = 2
========================================================================
Received Import Request.
  Time since last request: 0.000019 seconds.
  path: Assets/UnityTechnologies/TowerDefenseTemplate/Models/Towers/EMP Tower/Materials/EMP_Tower_level_2_tex_v001.mat
  artifactKey: Guid(0cada90001ebfe6418122d4488ae5535) Importer(815301076,1909f56bfc062723c751e8b465ee728b)
Start importing Assets/UnityTechnologies/TowerDefenseTemplate/Models/Towers/EMP Tower/Materials/EMP_Tower_level_2_tex_v001.mat using Guid(0cada90001ebfe6418122d4488ae5535) Importer(815301076,1909f56bfc062723c751e8b465ee728b)  -> (artifact id: '4f35d260f494a1b2358ad08a1a27024c') in 0.013833 seconds
Number of updated asset objects reloaded before import = 0
Number of asset objects unloaded after import = 1
========================================================================
Received Import Request.
  Time since last request: 0.000072 seconds.
  path: Assets/UnityTechnologies/TowerDefenseTemplate/Materials/Towers/Rocket/Rocket_Tower_L01_Texture_V001.mat
  artifactKey: Guid(e63234a5bcebc41de96bbde36fccd9f0) Importer(815301076,1909f56bfc062723c751e8b465ee728b)
Start importing Assets/UnityTechnologies/TowerDefenseTemplate/Materials/Towers/Rocket/Rocket_Tower_L01_Texture_V001.mat using Guid(e63234a5bcebc41de96bbde36fccd9f0) Importer(815301076,1909f56bfc062723c751e8b465ee728b)  -> (artifact id: '3987e8e02fc51bfbd555c692b3e8e03a') in 0.013842 seconds
Number of updated asset objects reloaded before import = 0
Number of asset objects unloaded after import = 2
========================================================================
Received Import Request.
  Time since last request: 0.000018 seconds.
  path: Assets/UnityTechnologies/TowerDefenseTemplate/PostProcessing/Utilities/CustomMotionTexture/Materials/DebugMotionVectors.mat
  artifactKey: Guid(d7daeefbca4f14360bac0e1df1bdacd4) Importer(815301076,1909f56bfc062723c751e8b465ee728b)
Start importing Assets/UnityTechnologies/TowerDefenseTemplate/PostProcessing/Utilities/CustomMotionTexture/Materials/DebugMotionVectors.mat using Guid(d7daeefbca4f14360bac0e1df1bdacd4) Importer(815301076,1909f56bfc062723c751e8b465ee728b)  -> (artifact id: '6dbcc4f944cfdbecf8f977d368c438aa') in 0.005508 seconds
Number of updated asset objects reloaded before import = 0
Number of asset objects unloaded after import = 2
========================================================================
Received Import Request.
  Time since last request: 0.000035 seconds.
  path: Assets/UnityTechnologies/TowerDefenseTemplate/Materials/Particles/RocketImpact.mat
  artifactKey: Guid(d689df2d6e67748129c4055bbcad44f0) Importer(815301076,1909f56bfc062723c751e8b465ee728b)
Start importing Assets/UnityTechnologies/TowerDefenseTemplate/Materials/Particles/RocketImpact.mat using Guid(d689df2d6e67748129c4055bbcad44f0) Importer(815301076,1909f56bfc062723c751e8b465ee728b)  -> (artifact id: '5ef5783a68e6e82177e12f956235662b') in 0.017229 seconds
Number of updated asset objects reloaded before import = 0
Number of asset objects unloaded after import = 2
========================================================================
Received Import Request.
  Time since last request: 0.000013 seconds.
  path: Assets/UnityTechnologies/TowerDefenseTemplate/Materials/Levels/Level02_Environment.mat
  artifactKey: Guid(3193fb3698c1040779ae6240896338dd) Importer(815301076,1909f56bfc062723c751e8b465ee728b)
Start importing Assets/UnityTechnologies/TowerDefenseTemplate/Materials/Levels/Level02_Environment.mat using Guid(3193fb3698c1040779ae6240896338dd) Importer(815301076,1909f56bfc062723c751e8b465ee728b)  -> (artifact id: '5beda477ed489611052e925227a0ddd2') in 0.013260 seconds
Number of updated asset objects reloaded before import = 0
Number of asset objects unloaded after import = 1
========================================================================
Received Import Request.
  Time since last request: 0.000040 seconds.
  path: Assets/UnityTechnologies/TowerDefenseTemplate/Materials/Towers/MachineGun/MachineGun_Level1_tex_v001.mat
  artifactKey: Guid(76423a82f9c0241df9f051e3c0f4722d) Importer(815301076,1909f56bfc062723c751e8b465ee728b)
Start importing Assets/UnityTechnologies/TowerDefenseTemplate/Materials/Towers/MachineGun/MachineGun_Level1_tex_v001.mat using Guid(76423a82f9c0241df9f051e3c0f4722d) Importer(815301076,1909f56bfc062723c751e8b465ee728b)  -> (artifact id: 'c4f48702532cad7dec2f33bd7f218ea6') in 0.015306 seconds
Number of updated asset objects reloaded before import = 0
Number of asset objects unloaded after import = 2
========================================================================
Received Import Request.
  Time since last request: 0.000014 seconds.
  path: Assets/TextMesh Pro/Examples & Extras/Resources/Fonts & Materials/Bangers SDF - Drop Shadow.mat
  artifactKey: Guid(f2dcf029949142e28b974630369c8b4e) Importer(815301076,1909f56bfc062723c751e8b465ee728b)
Start importing Assets/TextMesh Pro/Examples & Extras/Resources/Fonts & Materials/Bangers SDF - Drop Shadow.mat using Guid(f2dcf029949142e28b974630369c8b4e) Importer(815301076,1909f56bfc062723c751e8b465ee728b)  -> (artifact id: '5522bce034601f1df1a30fe11b38852a') in 0.006805 seconds
Number of updated asset objects reloaded before import = 0
Number of asset objects unloaded after import = 2
========================================================================
Received Import Request.
  Time since last request: 0.000018 seconds.
  path: Assets/UnityTechnologies/TowerDefenseTemplate/Materials/Particles/explosion_Spark_2.mat
  artifactKey: Guid(92fbbb607856b484295b0810d1baecac) Importer(815301076,1909f56bfc062723c751e8b465ee728b)
Start importing Assets/UnityTechnologies/TowerDefenseTemplate/Materials/Particles/explosion_Spark_2.mat using Guid(92fbbb607856b484295b0810d1baecac) Importer(815301076,1909f56bfc062723c751e8b465ee728b)  -> (artifact id: '3662cbdbbd0ebceb089f89006392921c') in 0.014018 seconds
Number of updated asset objects reloaded before import = 0
Number of asset objects unloaded after import = 2
========================================================================
Received Import Request.
  Time since last request: 0.000017 seconds.
  path: Assets/UnityTechnologies/TowerDefenseTemplate/Materials/Particles/LaserMuzzleFlashMaterial.mat
  artifactKey: Guid(14c1ded5940d444d888803bc9cad78a6) Importer(815301076,1909f56bfc062723c751e8b465ee728b)
Start importing Assets/UnityTechnologies/TowerDefenseTemplate/Materials/Particles/LaserMuzzleFlashMaterial.mat using Guid(14c1ded5940d444d888803bc9cad78a6) Importer(815301076,1909f56bfc062723c751e8b465ee728b)  -> (artifact id: '2b0c51b24960752956d2c450031b9534') in 0.012274 seconds
Number of updated asset objects reloaded before import = 0
Number of asset objects unloaded after import = 2
========================================================================
Received Import Request.
  Time since last request: 0.000016 seconds.
  path: Assets/TextMesh Pro/Examples & Extras/Resources/Fonts & Materials/LiberationSans SDF - Metalic Green.mat
  artifactKey: Guid(8b29aaa3eec7468097ff07adfcf29ac9) Importer(815301076,1909f56bfc062723c751e8b465ee728b)
Start importing Assets/TextMesh Pro/Examples & Extras/Resources/Fonts & Materials/LiberationSans SDF - Metalic Green.mat using Guid(8b29aaa3eec7468097ff07adfcf29ac9) Importer(815301076,1909f56bfc062723c751e8b465ee728b)  -> (artifact id: '0a717762e60350e3e4a81804b1b1112c') in 0.117665 seconds
Number of updated asset objects reloaded before import = 0
Number of asset objects unloaded after import = 4
========================================================================
Received Import Request.
  Time since last request: 15.814480 seconds.
  path: Assets/UnityTechnologies/TowerDefenseTemplate/Audio/SFX/Base Attack/base_attack.wav
  artifactKey: Guid(e10115bd99a564d38aa5ea4f418b1eda) Importer(815301076,1909f56bfc062723c751e8b465ee728b)
Start importing Assets/UnityTechnologies/TowerDefenseTemplate/Audio/SFX/Base Attack/base_attack.wav using Guid(e10115bd99a564d38aa5ea4f418b1eda) Importer(815301076,1909f56bfc062723c751e8b465ee728b)  -> (artifact id: '0d4b5efd3dfb7d6316c3abdaf5576143') in 0.034173 seconds
Number of updated asset objects reloaded before import = 0
Number of asset objects unloaded after import = 2
========================================================================
Received Import Request.
  Time since last request: 0.000018 seconds.
  path: Assets/UnityTechnologies/TowerDefenseTemplate/Audio/SFX/Tower Destruction/Destruction 4.wav
  artifactKey: Guid(731364f0ab9af462c884661ca839c89e) Importer(815301076,1909f56bfc062723c751e8b465ee728b)
Start importing Assets/UnityTechnologies/TowerDefenseTemplate/Audio/SFX/Tower Destruction/Destruction 4.wav using Guid(731364f0ab9af462c884661ca839c89e) Importer(815301076,1909f56bfc062723c751e8b465ee728b)  -> (artifact id: '79b80363eb25e0e2ed9cf71eceb6e7c1') in 0.009850 seconds
Number of updated asset objects reloaded before import = 0
Number of asset objects unloaded after import = 2
========================================================================
Received Import Request.
  Time since last request: 0.000017 seconds.
  path: Assets/UnityTechnologies/TowerDefenseTemplate/Audio/SFX/Enemies Exploding/Enemies Exploding 2.wav
  artifactKey: Guid(762259e894ae7465eb205d15ff0415c7) Importer(815301076,1909f56bfc062723c751e8b465ee728b)
Start importing Assets/UnityTechnologies/TowerDefenseTemplate/Audio/SFX/Enemies Exploding/Enemies Exploding 2.wav using Guid(762259e894ae7465eb205d15ff0415c7) Importer(815301076,1909f56bfc062723c751e8b465ee728b)  -> (artifact id: 'ac83284bd3727a0de3c678bc54e8876f') in 0.008990 seconds
Number of updated asset objects reloaded before import = 0
Number of asset objects unloaded after import = 2
========================================================================
Received Import Request.
  Time since last request: 0.001758 seconds.
  path: Assets/UnityTechnologies/TowerDefenseTemplate/Audio/SFX/Enemies Exploding/Enemies Exploding 4.wav
  artifactKey: Guid(af2a0d5f6c52c4117aed93341b8f36cb) Importer(815301076,1909f56bfc062723c751e8b465ee728b)
Start importing Assets/UnityTechnologies/TowerDefenseTemplate/Audio/SFX/Enemies Exploding/Enemies Exploding 4.wav using Guid(af2a0d5f6c52c4117aed93341b8f36cb) Importer(815301076,1909f56bfc062723c751e8b465ee728b)  -> (artifact id: '4479c597aaad147202a3a3928981133e') in 0.010045 seconds
Number of updated asset objects reloaded before import = 0
Number of asset objects unloaded after import = 2
========================================================================
Received Import Request.
  Time since last request: 0.000522 seconds.
  path: Assets/UnityTechnologies/TowerDefenseTemplate/Audio/SFX/Enemy Fire.wav
  artifactKey: Guid(284169030cdb44ac5aeed3136719a521) Importer(815301076,1909f56bfc062723c751e8b465ee728b)
Start importing Assets/UnityTechnologies/TowerDefenseTemplate/Audio/SFX/Enemy Fire.wav using Guid(284169030cdb44ac5aeed3136719a521) Importer(815301076,1909f56bfc062723c751e8b465ee728b)  -> (artifact id: '9852bc79188883f2d09ae802b1533e7a') in 0.010696 seconds
Number of updated asset objects reloaded before import = 0
Number of asset objects unloaded after import = 2
========================================================================
Received Import Request.
  Time since last request: 0.000700 seconds.
  path: Assets/UnityTechnologies/TowerDefenseTemplate/Audio/SFX/Macross Placement.wav
  artifactKey: Guid(599f5b1a96b0b478a8f61210e4a9aa48) Importer(815301076,1909f56bfc062723c751e8b465ee728b)
Start importing Assets/UnityTechnologies/TowerDefenseTemplate/Audio/SFX/Macross Placement.wav using Guid(599f5b1a96b0b478a8f61210e4a9aa48) Importer(815301076,1909f56bfc062723c751e8b465ee728b)  -> (artifact id: 'dc6ef1e82b76f0830a3f5174acc19b7e') in 0.012578 seconds
Number of updated asset objects reloaded before import = 0
Number of asset objects unloaded after import = 2
========================================================================
Received Import Request.
  Time since last request: 0.000029 seconds.
  path: Assets/UnityTechnologies/TowerDefenseTemplate/Audio/SFX/Towers/MachineGun/MG 10.wav
  artifactKey: Guid(e893433625bae4c0584daccfde0c2866) Importer(815301076,1909f56bfc062723c751e8b465ee728b)
Start importing Assets/UnityTechnologies/TowerDefenseTemplate/Audio/SFX/Towers/MachineGun/MG 10.wav using Guid(e893433625bae4c0584daccfde0c2866) Importer(815301076,1909f56bfc062723c751e8b465ee728b)  -> (artifact id: '0b2367f871fda60725701a7b0d489a14') in 0.011775 seconds
Number of updated asset objects reloaded before import = 0
Number of asset objects unloaded after import = 2
========================================================================
Received Import Request.
  Time since last request: 0.000051 seconds.
  path: Assets/UnityTechnologies/TowerDefenseTemplate/Audio/SFX/Towers/SuperTower/Super Tower Shot 4.wav
  artifactKey: Guid(02f0cc81719d043e3876b7b6ecdd1566) Importer(815301076,1909f56bfc062723c751e8b465ee728b)
Start importing Assets/UnityTechnologies/TowerDefenseTemplate/Audio/SFX/Towers/SuperTower/Super Tower Shot 4.wav using Guid(02f0cc81719d043e3876b7b6ecdd1566) Importer(815301076,1909f56bfc062723c751e8b465ee728b)  -> (artifact id: '03de314ffbb829218b96525d21230aca') in 0.012157 seconds
Number of updated asset objects reloaded before import = 0
Number of asset objects unloaded after import = 2
========================================================================
Received Import Request.
  Time since last request: 0.000032 seconds.
  path: Assets/UnityTechnologies/TowerDefenseTemplate/Audio/SFX/Towers/SuperTower/Super Tower Shot 1.wav
  artifactKey: Guid(ad00705ac426345289f10c69b726d683) Importer(815301076,1909f56bfc062723c751e8b465ee728b)
Start importing Assets/UnityTechnologies/TowerDefenseTemplate/Audio/SFX/Towers/SuperTower/Super Tower Shot 1.wav using Guid(ad00705ac426345289f10c69b726d683) Importer(815301076,1909f56bfc062723c751e8b465ee728b)  -> (artifact id: 'b72a3798d2fabc2bdb21fd5b4b3bd534') in 0.012559 seconds
Number of updated asset objects reloaded before import = 0
Number of asset objects unloaded after import = 2
========================================================================
Received Import Request.
  Time since last request: 0.000022 seconds.
  path: Assets/UnityTechnologies/TowerDefenseTemplate/Audio/SFX/Towers/SuperTower/Super Tower Shot 6.wav
  artifactKey: Guid(9844909eb36d64f4eb7125edf616a3ae) Importer(815301076,1909f56bfc062723c751e8b465ee728b)
Start importing Assets/UnityTechnologies/TowerDefenseTemplate/Audio/SFX/Towers/SuperTower/Super Tower Shot 6.wav using Guid(9844909eb36d64f4eb7125edf616a3ae) Importer(815301076,1909f56bfc062723c751e8b465ee728b)  -> (artifact id: 'f12567080a656542bb150aec46ccdacd') in 0.011709 seconds
Number of updated asset objects reloaded before import = 0
Number of asset objects unloaded after import = 2
========================================================================
Received Import Request.
  Time since last request: 0.000014 seconds.
  path: Assets/UnityTechnologies/TowerDefenseTemplate/Audio/SFX/Towers/RocketLauncher/Rocket Tower Shoot.wav
  artifactKey: Guid(ce02cc583b9d84102a12a156e90ca692) Importer(815301076,1909f56bfc062723c751e8b465ee728b)
Start importing Assets/UnityTechnologies/TowerDefenseTemplate/Audio/SFX/Towers/RocketLauncher/Rocket Tower Shoot.wav using Guid(ce02cc583b9d84102a12a156e90ca692) Importer(815301076,1909f56bfc062723c751e8b465ee728b)  -> (artifact id: 'd36679a99b940a41692135620c410923') in 0.012046 seconds
Number of updated asset objects reloaded before import = 0
Number of asset objects unloaded after import = 2
========================================================================
Received Import Request.
  Time since last request: 0.000014 seconds.
  path: Assets/UnityTechnologies/TowerDefenseTemplate/Audio/SFX/Base Attack/zone_enter.wav
  artifactKey: Guid(b8c05e6303a8c4126b56d5f4a6a70862) Importer(815301076,1909f56bfc062723c751e8b465ee728b)
Start importing Assets/UnityTechnologies/TowerDefenseTemplate/Audio/SFX/Base Attack/zone_enter.wav using Guid(b8c05e6303a8c4126b56d5f4a6a70862) Importer(815301076,1909f56bfc062723c751e8b465ee728b)  -> (artifact id: 'de452e489bed50cc97d8679a2ecf64f9') in 0.011062 seconds
Number of updated asset objects reloaded before import = 0
Number of asset objects unloaded after import = 2
========================================================================
Received Import Request.
  Time since last request: 0.000016 seconds.
  path: Assets/UnityTechnologies/TowerDefenseTemplate/Audio/UI/TD EMP Idle.wav
  artifactKey: Guid(b5ee9f342b3094e2d99d192801c1c247) Importer(815301076,1909f56bfc062723c751e8b465ee728b)
Start importing Assets/UnityTechnologies/TowerDefenseTemplate/Audio/UI/TD EMP Idle.wav using Guid(b5ee9f342b3094e2d99d192801c1c247) Importer(815301076,1909f56bfc062723c751e8b465ee728b)  -> (artifact id: 'd2e49bb6166a8b1786f9e9d7cc5a7855') in 0.043170 seconds
Number of updated asset objects reloaded before import = 0
Number of asset objects unloaded after import = 2
========================================================================
Received Import Request.
  Time since last request: 0.000035 seconds.
  path: Assets/UnityTechnologies/TowerDefenseTemplate/Audio/SFX/Weapon Placement 1.wav
  artifactKey: Guid(9e8f3edaab6574afa99416a6ec7b5250) Importer(815301076,1909f56bfc062723c751e8b465ee728b)
Start importing Assets/UnityTechnologies/TowerDefenseTemplate/Audio/SFX/Weapon Placement 1.wav using Guid(9e8f3edaab6574afa99416a6ec7b5250) Importer(815301076,1909f56bfc062723c751e8b465ee728b)  -> (artifact id: '09c9de3e39945ba45b203374cd0d70db') in 0.097964 seconds
Number of updated asset objects reloaded before import = 0
Number of asset objects unloaded after import = 2
Editor requested this worker to shutdown with reason: Scaling down because of idle timeout
TcpMessagingSession - receive error: operation aborted. errorcode: 995, details: The I/O operation has been aborted because of either a thread exit or an application request.
AssetImportWorker is now disconnected from the server
Process exiting
Exiting without the bug reporter. Application will terminate with return code 0