Using pre-set license
Built from '2022.3/staging' branch; Version is '2022.3.9f1 (ea401c316338) revision 15351836'; Using compiler version '192829333'; Build Type 'Release'
OS: 'Windows 11  (10.0.22631) 64bit Professional' Language: 'en' Physical Memory: 16306 MB
BatchMode: 1, IsHumanControllingUs: 0, StartBugReporterOnCrash: 0, Is64bit: 1, IsPro: 1

COMMAND LINE ARGUMENTS:
S:\unity\unity\2022.3.9f1\Editor\Unity.exe
-adb2
-batchMode
-noUpm
-name
AssetImportWorker5
-projectPath
S:/Unity Tower Defense/Tower Defense
-logFile
Logs/AssetImportWorker5.log
-srvPort
54462
Successfully changed project path to: S:/Unity Tower Defense/Tower Defense
S:/Unity Tower Defense/Tower Defense
[UnityMemory] Configuration Parameters - Can be set up in boot.config
    "memorysetup-bucket-allocator-granularity=16"
    "memorysetup-bucket-allocator-bucket-count=8"
    "memorysetup-bucket-allocator-block-size=33554432"
    "memorysetup-bucket-allocator-block-count=8"
    "memorysetup-main-allocator-block-size=16777216"
    "memorysetup-thread-allocator-block-size=16777216"
    "memorysetup-gfx-main-allocator-block-size=16777216"
    "memorysetup-gfx-thread-allocator-block-size=16777216"
    "memorysetup-cache-allocator-block-size=4194304"
    "memorysetup-typetree-allocator-block-size=2097152"
    "memorysetup-profiler-bucket-allocator-granularity=16"
    "memorysetup-profiler-bucket-allocator-bucket-count=8"
    "memorysetup-profiler-bucket-allocator-block-size=33554432"
    "memorysetup-profiler-bucket-allocator-block-count=8"
    "memorysetup-profiler-allocator-block-size=16777216"
    "memorysetup-profiler-editor-allocator-block-size=1048576"
    "memorysetup-temp-allocator-size-main=16777216"
    "memorysetup-job-temp-allocator-block-size=2097152"
    "memorysetup-job-temp-allocator-block-size-background=1048576"
    "memorysetup-job-temp-allocator-reduction-small-platforms=262144"
    "memorysetup-allocator-temp-initial-block-size-main=262144"
    "memorysetup-allocator-temp-initial-block-size-worker=262144"
    "memorysetup-temp-allocator-size-background-worker=32768"
    "memorysetup-temp-allocator-size-job-worker=262144"
    "memorysetup-temp-allocator-size-preload-manager=33554432"
    "memorysetup-temp-allocator-size-nav-mesh-worker=65536"
    "memorysetup-temp-allocator-size-audio-worker=65536"
    "memorysetup-temp-allocator-size-cloud-worker=32768"
    "memorysetup-temp-allocator-size-gi-baking-worker=262144"
    "memorysetup-temp-allocator-size-gfx=262144"
Player connection [32060] Host "[IP] 10.0.0.118 [Port] 0 [Flags] 2 [Guid] 1796296190 [EditorId] 1796296190 [Version] 1048832 [Id] WindowsEditor(7,KAUSHAL-RIG) [Debug] 1 [PackageName] WindowsEditor [ProjectName] Editor" joined multi-casting on [225.0.0.222:54997]...

Player connection [32060] Host "[IP] 10.0.0.118 [Port] 0 [Flags] 2 [Guid] 1796296190 [EditorId] 1796296190 [Version] 1048832 [Id] WindowsEditor(7,KAUSHAL-RIG) [Debug] 1 [PackageName] WindowsEditor [ProjectName] Editor" joined alternative multi-casting on [225.0.0.222:34997]...

[Physics::Module] Initialized MultithreadedJobDispatcher with 15 workers.
Refreshing native plugins compatible for Editor in 5.35 ms, found 3 plugins.
Preloading 0 native plugins for Editor in 0.00 ms.
Initialize engine version: 2022.3.9f1 (ea401c316338)
[Subsystems] Discovering subsystems at path S:/unity/unity/2022.3.9f1/Editor/Data/Resources/UnitySubsystems
[Subsystems] Discovering subsystems at path S:/Unity Tower Defense/Tower Defense/Assets
GfxDevice: creating device client; threaded=0; jobified=0
Direct3D:
    Version:  Direct3D 11.0 [level 11.1]
    Renderer: NVIDIA GeForce RTX 3060 (ID=0x2504)
    Vendor:   NVIDIA
    VRAM:     12115 MB
    Driver:   32.0.15.6590
Initialize mono
Mono path[0] = 'S:/unity/unity/2022.3.9f1/Editor/Data/Managed'
Mono path[1] = 'S:/unity/unity/2022.3.9f1/Editor/Data/MonoBleedingEdge/lib/mono/unityjit-win32'
Mono config path = 'S:/unity/unity/2022.3.9f1/Editor/Data/MonoBleedingEdge/etc'
Using monoOptions --debugger-agent=transport=dt_socket,embedding=1,server=y,suspend=n,address=127.0.0.1:56116
Begin MonoManager ReloadAssembly
Registering precompiled unity dll's ...
Register platform support module: S:/unity/unity/2022.3.9f1/Editor/Data/PlaybackEngines/WebGLSupport/UnityEditor.WebGL.Extensions.dll
Register platform support module: S:/unity/unity/2022.3.9f1/Editor/Data/PlaybackEngines/WindowsStandaloneSupport/UnityEditor.WindowsStandalone.Extensions.dll
Registered in 0.003308 seconds.
- Loaded All Assemblies, in  0.341 seconds
Native extension for WindowsStandalone target not found
Native extension for WebGL target not found
Mono: successfully reloaded assembly
- Finished resetting the current domain, in  0.210 seconds
Domain Reload Profiling: 551ms
	BeginReloadAssembly (102ms)
		ExecutionOrderSort (0ms)
		DisableScriptedObjects (0ms)
		BackupInstance (0ms)
		ReleaseScriptingObjects (0ms)
		CreateAndSetChildDomain (1ms)
	RebuildCommonClasses (36ms)
	RebuildNativeTypeToScriptingClass (11ms)
	initialDomainReloadingComplete (45ms)
	LoadAllAssembliesAndSetupDomain (146ms)
		LoadAssemblies (101ms)
		RebuildTransferFunctionScriptingTraits (0ms)
		AnalyzeDomain (144ms)
			TypeCache.Refresh (143ms)
				TypeCache.ScanAssembly (129ms)
			ScanForSourceGeneratedMonoScriptInfo (1ms)
			ResolveRequiredComponents (1ms)
	FinalizeReload (210ms)
		ReleaseScriptCaches (0ms)
		RebuildScriptCaches (0ms)
		SetupLoadedEditorAssemblies (157ms)
			LogAssemblyErrors (0ms)
			InitializePlatformSupportModulesInManaged (8ms)
			SetLoadedEditorAssemblies (5ms)
			RefreshPlugins (0ms)
			BeforeProcessingInitializeOnLoad (2ms)
			ProcessInitializeOnLoadAttributes (105ms)
			ProcessInitializeOnLoadMethodAttributes (38ms)
			AfterProcessingInitializeOnLoad (0ms)
			EditorAssembliesLoaded (0ms)
		ExecutionOrderSort2 (0ms)
		AwakeInstancesAfterBackupRestoration (0ms)
========================================================================
Worker process is ready to serve import requests
Begin MonoManager ReloadAssembly
- Loaded All Assemblies, in  0.461 seconds
Refreshing native plugins compatible for Editor in 1.45 ms, found 3 plugins.
Native extension for WindowsStandalone target not found
Native extension for WebGL target not found
Package Manager log level set to [2]
[Package Manager] Server::EnsureServerProcessIsRunning -- launch failed, reason: Unity was launched with the -noUpm command-line argument
[Package Manager] UpmClient::Send -- Unable to send message (not connected to UPM process).
[Package Manager] Cannot connect to Unity Package Manager local server
Mono: successfully reloaded assembly
- Finished resetting the current domain, in  0.623 seconds
Domain Reload Profiling: 1084ms
	BeginReloadAssembly (118ms)
		ExecutionOrderSort (0ms)
		DisableScriptedObjects (4ms)
		BackupInstance (0ms)
		ReleaseScriptingObjects (0ms)
		CreateAndSetChildDomain (18ms)
	RebuildCommonClasses (29ms)
	RebuildNativeTypeToScriptingClass (10ms)
	initialDomainReloadingComplete (28ms)
	LoadAllAssembliesAndSetupDomain (276ms)
		LoadAssemblies (193ms)
		RebuildTransferFunctionScriptingTraits (0ms)
		AnalyzeDomain (151ms)
			TypeCache.Refresh (132ms)
				TypeCache.ScanAssembly (121ms)
			ScanForSourceGeneratedMonoScriptInfo (12ms)
			ResolveRequiredComponents (5ms)
	FinalizeReload (623ms)
		ReleaseScriptCaches (0ms)
		RebuildScriptCaches (0ms)
		SetupLoadedEditorAssemblies (505ms)
			LogAssemblyErrors (0ms)
			InitializePlatformSupportModulesInManaged (4ms)
			SetLoadedEditorAssemblies (2ms)
			RefreshPlugins (0ms)
			BeforeProcessingInitializeOnLoad (41ms)
			ProcessInitializeOnLoadAttributes (442ms)
			ProcessInitializeOnLoadMethodAttributes (14ms)
			AfterProcessingInitializeOnLoad (2ms)
			EditorAssembliesLoaded (0ms)
		ExecutionOrderSort2 (0ms)
		AwakeInstancesAfterBackupRestoration (6ms)
Launched and connected shader compiler UnityShaderCompiler.exe after 0.05 seconds
Refreshing native plugins compatible for Editor in 1.58 ms, found 3 plugins.
Preloading 0 native plugins for Editor in 0.00 ms.
Unloading 3420 Unused Serialized files (Serialized files now loaded: 0)
Unloading 35 unused Assets / (346.8 KB). Loaded Objects now: 3890.
Memory consumption went from 136.3 MB to 136.0 MB.
Total: 3.215500 ms (FindLiveObjects: 0.245900 ms CreateObjectMapping: 0.098900 ms MarkObjects: 2.724100 ms  DeleteObjects: 0.145800 ms)

AssetImportParameters requested are different than current active one (requested -> active):
  custom:container-demuxer-ogg: 62fdf1f143b41e24485cea50d1cbac27 -> 
  custom:video-decoder-ogg-theora: a1e56fd34408186e4bbccfd4996cb3dc -> 
  custom:framework-win-MediaFoundation: 216162199b28c13a410421893ffa2e32 -> 
  custom:CustomObjectIndexerAttribute: 756ad292c208cfabdd7b50bc23989ffe -> 
  custom:container-demuxer-webm: 4f35f7cbe854078d1ac9338744f61a02 -> 
  custom:scripting/monoscript/fileName/ShinjiDialogue.cs: 82554c4a114386d5eb392d1c098b2580 -> 
  custom:container-muxer-webm: aa71ff27fc2769a1b78a27578f13a17b -> 
  custom:video-decoder-webm-vp8: 9c59270c3fd7afecdb556c50c9e8de78 -> 
  custom:SearchIndexIgnoredProperties: e643bd26f0fe6173181afceb89e7c659 -> 
  custom:AudioImporter_EditorPlatform: d09bf68614088b80899f8185d706f6e7 -> 
  custom:video-encoder-webm-vp8: eb34c28f22e8b96e1ab97ce403110664 -> 
  custom:audio-decoder-ogg-vorbis: bf7c407c2cedff20999df2af8eb42d56 -> 
  custom:audio-encoder-webm-vorbis: bf7c407c2cedff20999df2af8eb42d56 -> 
========================================================================
Received Import Request.
  Time since last request: 211822.541328 seconds.
  path: Assets/UnityTechnologies/TowerDefenseTemplate/Materials/Particles/AttackLightning.mat
  artifactKey: Guid(407d8b3d1bcc34a20b93b10e98939419) Importer(815301076,1909f56bfc062723c751e8b465ee728b)
Start importing Assets/UnityTechnologies/TowerDefenseTemplate/Materials/Particles/AttackLightning.mat using Guid(407d8b3d1bcc34a20b93b10e98939419) Importer(815301076,1909f56bfc062723c751e8b465ee728b)  -> (artifact id: 'cbcfe41c64e5710139e3391519750620') in 0.130188 seconds
Number of updated asset objects reloaded before import = 0
Number of asset objects unloaded after import = 2
========================================================================
Received Import Request.
  Time since last request: 0.000034 seconds.
  path: Assets/UnityTechnologies/TowerDefenseTemplate/Materials/Particles/TankHover_sprite.mat
  artifactKey: Guid(43f833ce23e7a4f458e75331121b2ccc) Importer(815301076,1909f56bfc062723c751e8b465ee728b)
Start importing Assets/UnityTechnologies/TowerDefenseTemplate/Materials/Particles/TankHover_sprite.mat using Guid(43f833ce23e7a4f458e75331121b2ccc) Importer(815301076,1909f56bfc062723c751e8b465ee728b)  -> (artifact id: 'c253ecce57fe48679d21421690c3e6e9') in 0.021274 seconds
Number of updated asset objects reloaded before import = 0
Number of asset objects unloaded after import = 2
========================================================================
Received Import Request.
  Time since last request: 0.000028 seconds.
  path: Assets/UnityTechnologies/TowerDefenseTemplate/Materials/Particles/explosion_Flame.mat
  artifactKey: Guid(f672b73decdc5432686a09bb689c7e2d) Importer(815301076,1909f56bfc062723c751e8b465ee728b)
Start importing Assets/UnityTechnologies/TowerDefenseTemplate/Materials/Particles/explosion_Flame.mat using Guid(f672b73decdc5432686a09bb689c7e2d) Importer(815301076,1909f56bfc062723c751e8b465ee728b)  -> (artifact id: '8297aff4424813e1568fd856110df6be') in 0.052537 seconds
Number of updated asset objects reloaded before import = 0
Number of asset objects unloaded after import = 2
========================================================================
Received Import Request.
  Time since last request: 0.000017 seconds.
  path: Assets/UnityTechnologies/TowerDefenseTemplate/Materials/UI/PlacementAreaMobile.mat
  artifactKey: Guid(2b57c1ce3ed4e4adab78c5c8151fce00) Importer(815301076,1909f56bfc062723c751e8b465ee728b)
Start importing Assets/UnityTechnologies/TowerDefenseTemplate/Materials/UI/PlacementAreaMobile.mat using Guid(2b57c1ce3ed4e4adab78c5c8151fce00) Importer(815301076,1909f56bfc062723c751e8b465ee728b)  -> (artifact id: '5b72118aec33192cebc6ac84c0bfa772') in 0.035619 seconds
Number of updated asset objects reloaded before import = 0
Number of asset objects unloaded after import = 2
========================================================================
Received Import Request.
  Time since last request: 0.000019 seconds.
  path: Assets/UnityTechnologies/TowerDefenseTemplate/Materials/Towers/EnergyPylon/EnergyPylon_L01_Albedo_V001.mat
  artifactKey: Guid(47fc7f40915844782be68fcc221f57d6) Importer(815301076,1909f56bfc062723c751e8b465ee728b)
Start importing Assets/UnityTechnologies/TowerDefenseTemplate/Materials/Towers/EnergyPylon/EnergyPylon_L01_Albedo_V001.mat using Guid(47fc7f40915844782be68fcc221f57d6) Importer(815301076,1909f56bfc062723c751e8b465ee728b)  -> (artifact id: '51745118aa77099c2c9baaeeb7e6b075') in 0.098273 seconds
Number of updated asset objects reloaded before import = 0
Number of asset objects unloaded after import = 2
========================================================================
Received Import Request.
  Time since last request: 0.000020 seconds.
  path: Assets/UnityTechnologies/TowerDefenseTemplate/Materials/UI/PlacementAreaFillled.mat
  artifactKey: Guid(446a72560c44e44d8acea2562be7901a) Importer(815301076,1909f56bfc062723c751e8b465ee728b)
Start importing Assets/UnityTechnologies/TowerDefenseTemplate/Materials/UI/PlacementAreaFillled.mat using Guid(446a72560c44e44d8acea2562be7901a) Importer(815301076,1909f56bfc062723c751e8b465ee728b)  -> (artifact id: 'c53fe2493387665d59380c0d8179759f') in 0.094043 seconds
Number of updated asset objects reloaded before import = 0
Number of asset objects unloaded after import = 2
========================================================================
Received Import Request.
  Time since last request: 0.000017 seconds.
  path: Assets/UnityTechnologies/TowerDefenseTemplate/Materials/Particles/BuggyHover_sprite.mat
  artifactKey: Guid(00317337bdfee49e29ab684e6af81a3b) Importer(815301076,1909f56bfc062723c751e8b465ee728b)
Start importing Assets/UnityTechnologies/TowerDefenseTemplate/Materials/Particles/BuggyHover_sprite.mat using Guid(00317337bdfee49e29ab684e6af81a3b) Importer(815301076,1909f56bfc062723c751e8b465ee728b)  -> (artifact id: '196aba49970cab1cb07c1d2f110793cd') in 0.011173 seconds
Number of updated asset objects reloaded before import = 0
Number of asset objects unloaded after import = 2
========================================================================
Received Import Request.
  Time since last request: 0.000022 seconds.
  path: Assets/UnityTechnologies/TowerDefenseTemplate/Materials/Particles/explosion_Spark_3.mat
  artifactKey: Guid(a78dd0f6e2aa54870b8ced4051fd71e0) Importer(815301076,1909f56bfc062723c751e8b465ee728b)
Start importing Assets/UnityTechnologies/TowerDefenseTemplate/Materials/Particles/explosion_Spark_3.mat using Guid(a78dd0f6e2aa54870b8ced4051fd71e0) Importer(815301076,1909f56bfc062723c751e8b465ee728b)  -> (artifact id: '85f9408ffaa17e567542abfac75b713e') in 0.011284 seconds
Number of updated asset objects reloaded before import = 0
Number of asset objects unloaded after import = 2
========================================================================
Received Import Request.
  Time since last request: 0.000015 seconds.
  path: Assets/UnityTechnologies/TowerDefenseTemplate/Materials/Particles/Flare.mat
  artifactKey: Guid(b5e0b3982ded947cda17890e729362aa) Importer(815301076,1909f56bfc062723c751e8b465ee728b)
Start importing Assets/UnityTechnologies/TowerDefenseTemplate/Materials/Particles/Flare.mat using Guid(b5e0b3982ded947cda17890e729362aa) Importer(815301076,1909f56bfc062723c751e8b465ee728b)  -> (artifact id: 'f8847d040e5a8346af44d34af175bf06') in 0.013179 seconds
Number of updated asset objects reloaded before import = 0
Number of asset objects unloaded after import = 2
========================================================================
Received Import Request.
  Time since last request: 0.000015 seconds.
  path: Assets/UnityTechnologies/TowerDefenseTemplate/Materials/Towers/MachineGun/MachineGun_Level2_tex_v003.mat
  artifactKey: Guid(1bc90cfbc927b44b4aaabc56a6e0b14c) Importer(815301076,1909f56bfc062723c751e8b465ee728b)
Start importing Assets/UnityTechnologies/TowerDefenseTemplate/Materials/Towers/MachineGun/MachineGun_Level2_tex_v003.mat using Guid(1bc90cfbc927b44b4aaabc56a6e0b14c) Importer(815301076,1909f56bfc062723c751e8b465ee728b)  -> (artifact id: '866928212ae6626cef177dc5fa643fc6') in 0.012376 seconds
Number of updated asset objects reloaded before import = 0
Number of asset objects unloaded after import = 2
========================================================================
Received Import Request.
  Time since last request: 0.000020 seconds.
  path: Assets/UnityTechnologies/TowerDefenseTemplate/Models/Towers/Laser/Materials/LaserTower_L02_Albedo_V001.mat
  artifactKey: Guid(c52f50d993c82b64a9a4f740e63cdf1e) Importer(815301076,1909f56bfc062723c751e8b465ee728b)
Start importing Assets/UnityTechnologies/TowerDefenseTemplate/Models/Towers/Laser/Materials/LaserTower_L02_Albedo_V001.mat using Guid(c52f50d993c82b64a9a4f740e63cdf1e) Importer(815301076,1909f56bfc062723c751e8b465ee728b)  -> (artifact id: '6db42584714dda680ced1d48c3e65af6') in 0.077619 seconds
Number of updated asset objects reloaded before import = 0
Number of asset objects unloaded after import = 1
========================================================================
Received Import Request.
  Time since last request: 0.000013 seconds.
  path: Assets/UnityTechnologies/TowerDefenseTemplate/Materials/Particles/explosion_Smoke_1.mat
  artifactKey: Guid(538648978bbe842cc86a9bb06f0f1bc7) Importer(815301076,1909f56bfc062723c751e8b465ee728b)
Start importing Assets/UnityTechnologies/TowerDefenseTemplate/Materials/Particles/explosion_Smoke_1.mat using Guid(538648978bbe842cc86a9bb06f0f1bc7) Importer(815301076,1909f56bfc062723c751e8b465ee728b)  -> (artifact id: 'c237415d07d83be2dc8bfaa28aa3de08') in 0.036524 seconds
Number of updated asset objects reloaded before import = 0
Number of asset objects unloaded after import = 2
========================================================================
Received Import Request.
  Time since last request: 0.000016 seconds.
  path: Assets/UnityTechnologies/TowerDefenseTemplate/Materials/Levels/Level03_Road.mat
  artifactKey: Guid(9ae2d788754504bfb8897d297b01c279) Importer(815301076,1909f56bfc062723c751e8b465ee728b)
Start importing Assets/UnityTechnologies/TowerDefenseTemplate/Materials/Levels/Level03_Road.mat using Guid(9ae2d788754504bfb8897d297b01c279) Importer(815301076,1909f56bfc062723c751e8b465ee728b)  -> (artifact id: 'e0131a8e74c9feab37f8a5c9a9a43d05') in 0.209029 seconds
Number of updated asset objects reloaded before import = 0
Number of asset objects unloaded after import = 2
========================================================================
Received Import Request.
  Time since last request: 0.000018 seconds.
  path: Assets/TextMesh Pro/Examples & Extras/Materials/Ground - Logo Scene.mat
  artifactKey: Guid(c719e38f25a9480abd2480ab621a2949) Importer(815301076,1909f56bfc062723c751e8b465ee728b)
Start importing Assets/TextMesh Pro/Examples & Extras/Materials/Ground - Logo Scene.mat using Guid(c719e38f25a9480abd2480ab621a2949) Importer(815301076,1909f56bfc062723c751e8b465ee728b)  -> (artifact id: '5fa566dcd6bbda61f1c30589dbf899f5') in 0.091865 seconds
Number of updated asset objects reloaded before import = 0
Number of asset objects unloaded after import = 2
========================================================================
Received Import Request.
  Time since last request: 0.000022 seconds.
  path: Assets/TextMesh Pro/Resources/Fonts & Materials/LiberationSans SDF - Outline.mat
  artifactKey: Guid(79459efec17a4d00a321bdcc27bbc385) Importer(815301076,1909f56bfc062723c751e8b465ee728b)
Start importing Assets/TextMesh Pro/Resources/Fonts & Materials/LiberationSans SDF - Outline.mat using Guid(79459efec17a4d00a321bdcc27bbc385) Importer(815301076,1909f56bfc062723c751e8b465ee728b)  -> (artifact id: '6f3683e78f0f82cd98d563b18de2ade7') in 0.023076 seconds
Number of updated asset objects reloaded before import = 0
Number of asset objects unloaded after import = 2
========================================================================
Received Import Request.
  Time since last request: 0.000021 seconds.
  path: Assets/UnityTechnologies/TowerDefenseTemplate/Materials/Units/Helicopter_Albedo_V001.mat
  artifactKey: Guid(c0a039e78e66a44f8b90ddafc2c87582) Importer(815301076,1909f56bfc062723c751e8b465ee728b)
Start importing Assets/UnityTechnologies/TowerDefenseTemplate/Materials/Units/Helicopter_Albedo_V001.mat using Guid(c0a039e78e66a44f8b90ddafc2c87582) Importer(815301076,1909f56bfc062723c751e8b465ee728b)  -> (artifact id: '06a5adffefc71da7b92fd93e56a3078d') in 0.014050 seconds
Number of updated asset objects reloaded before import = 0
Number of asset objects unloaded after import = 2
========================================================================
Received Import Request.
  Time since last request: 0.000017 seconds.
  path: Assets/UnityTechnologies/TowerDefenseTemplate/Materials/UI/PlacementArea.mat
  artifactKey: Guid(8ed331977508048a49204cf83142545c) Importer(815301076,1909f56bfc062723c751e8b465ee728b)
Start importing Assets/UnityTechnologies/TowerDefenseTemplate/Materials/UI/PlacementArea.mat using Guid(8ed331977508048a49204cf83142545c) Importer(815301076,1909f56bfc062723c751e8b465ee728b)  -> (artifact id: 'e4839bd410ac0c164eed4c4cf7a1e3c5') in 0.010705 seconds
Number of updated asset objects reloaded before import = 0
Number of asset objects unloaded after import = 2
========================================================================
Received Import Request.
  Time since last request: 0.000019 seconds.
  path: Assets/UnityTechnologies/TowerDefenseTemplate/Models/Towers/Laser/Materials/LaserTower_L01_Albedo_V001.mat
  artifactKey: Guid(e97894936c58c3646aa5225b0ab9520a) Importer(815301076,1909f56bfc062723c751e8b465ee728b)
Start importing Assets/UnityTechnologies/TowerDefenseTemplate/Models/Towers/Laser/Materials/LaserTower_L01_Albedo_V001.mat using Guid(e97894936c58c3646aa5225b0ab9520a) Importer(815301076,1909f56bfc062723c751e8b465ee728b)  -> (artifact id: 'd3c0c95e0a52314a1ce18f1c6222245e') in 0.012433 seconds
Number of updated asset objects reloaded before import = 0
Number of asset objects unloaded after import = 1
========================================================================
Received Import Request.
  Time since last request: 0.000021 seconds.
  path: Assets/UnityTechnologies/TowerDefenseTemplate/Materials/Levels/Level04_Environment.mat
  artifactKey: Guid(4a657ce0af6254431b1df620a2872e1e) Importer(815301076,1909f56bfc062723c751e8b465ee728b)
Start importing Assets/UnityTechnologies/TowerDefenseTemplate/Materials/Levels/Level04_Environment.mat using Guid(4a657ce0af6254431b1df620a2872e1e) Importer(815301076,1909f56bfc062723c751e8b465ee728b)  -> (artifact id: '99501ec70667fd700ad0a2719d1073af') in 0.011901 seconds
Number of updated asset objects reloaded before import = 0
Number of asset objects unloaded after import = 1
========================================================================
Received Import Request.
  Time since last request: 0.000016 seconds.
  path: Assets/UnityTechnologies/TowerDefenseTemplate/Materials/Particles/explosion_Flame_2.mat
  artifactKey: Guid(f870bad7fe0264670a3e08374df02d4b) Importer(815301076,1909f56bfc062723c751e8b465ee728b)
Start importing Assets/UnityTechnologies/TowerDefenseTemplate/Materials/Particles/explosion_Flame_2.mat using Guid(f870bad7fe0264670a3e08374df02d4b) Importer(815301076,1909f56bfc062723c751e8b465ee728b)  -> (artifact id: '77eeed0eb31ab1f9c66bc54a1161bbcb') in 0.013877 seconds
Number of updated asset objects reloaded before import = 0
Number of asset objects unloaded after import = 2
========================================================================
Received Import Request.
  Time since last request: 0.000018 seconds.
  path: Assets/UnityTechnologies/TowerDefenseTemplate/Materials/Levels/Level01_Road.mat
  artifactKey: Guid(96c827f63b5004e0583fe6ac7d168334) Importer(815301076,1909f56bfc062723c751e8b465ee728b)
Start importing Assets/UnityTechnologies/TowerDefenseTemplate/Materials/Levels/Level01_Road.mat using Guid(96c827f63b5004e0583fe6ac7d168334) Importer(815301076,1909f56bfc062723c751e8b465ee728b)  -> (artifact id: 'af71abb44b2b2597e14c84ce397a09bf') in 0.013280 seconds
Number of updated asset objects reloaded before import = 0
Number of asset objects unloaded after import = 2
========================================================================
Received Import Request.
  Time since last request: 0.000014 seconds.
  path: Assets/UnityTechnologies/TowerDefenseTemplate/Models/Units/Materials/TankBasic_Albedo_V001.mat
  artifactKey: Guid(5694b141fdeef254d8fd282fa1d95350) Importer(815301076,1909f56bfc062723c751e8b465ee728b)
Start importing Assets/UnityTechnologies/TowerDefenseTemplate/Models/Units/Materials/TankBasic_Albedo_V001.mat using Guid(5694b141fdeef254d8fd282fa1d95350) Importer(815301076,1909f56bfc062723c751e8b465ee728b)  -> (artifact id: '72821d54419fc3052e317d661b633721') in 0.011742 seconds
Number of updated asset objects reloaded before import = 0
Number of asset objects unloaded after import = 1
========================================================================
Received Import Request.
  Time since last request: 0.000018 seconds.
  path: Assets/TextMesh Pro/Resources/Fonts & Materials/LiberationSans SDF - Drop Shadow.mat
  artifactKey: Guid(e73a58f6e2794ae7b1b7e50b7fb811b0) Importer(815301076,1909f56bfc062723c751e8b465ee728b)
Start importing Assets/TextMesh Pro/Resources/Fonts & Materials/LiberationSans SDF - Drop Shadow.mat using Guid(e73a58f6e2794ae7b1b7e50b7fb811b0) Importer(815301076,1909f56bfc062723c751e8b465ee728b)  -> (artifact id: '04b194ecee76490698e541250d54f75f') in 0.068501 seconds
Number of updated asset objects reloaded before import = 0
Number of asset objects unloaded after import = 2
========================================================================
Received Import Request.
  Time since last request: 0.000017 seconds.
  path: Assets/UnityTechnologies/TowerDefenseTemplate/Materials/Units/Buggy_Orange_Albedo_V001.mat
  artifactKey: Guid(3d51fdac1cf5b4c9f80488ae73e3e3cd) Importer(815301076,1909f56bfc062723c751e8b465ee728b)
Start importing Assets/UnityTechnologies/TowerDefenseTemplate/Materials/Units/Buggy_Orange_Albedo_V001.mat using Guid(3d51fdac1cf5b4c9f80488ae73e3e3cd) Importer(815301076,1909f56bfc062723c751e8b465ee728b)  -> (artifact id: '84063f8e4783c0be1e82615014852166') in 0.013063 seconds
Number of updated asset objects reloaded before import = 0
Number of asset objects unloaded after import = 2
========================================================================
Received Import Request.
  Time since last request: 0.000012 seconds.
  path: Assets/UnityTechnologies/TowerDefenseTemplate/Materials/Levels/Level05_Environment.mat
  artifactKey: Guid(9887a4dd80b104bd891b506842104b30) Importer(815301076,1909f56bfc062723c751e8b465ee728b)
Start importing Assets/UnityTechnologies/TowerDefenseTemplate/Materials/Levels/Level05_Environment.mat using Guid(9887a4dd80b104bd891b506842104b30) Importer(815301076,1909f56bfc062723c751e8b465ee728b)  -> (artifact id: '4d524ba8288064a907b2f77418e61607') in 0.010478 seconds
Number of updated asset objects reloaded before import = 0
Number of asset objects unloaded after import = 1
========================================================================
Received Import Request.
  Time since last request: 0.000018 seconds.
  path: Assets/UnityTechnologies/TowerDefenseTemplate/Materials/Units/TankBoss_Orange_Albedo_V001.mat
  artifactKey: Guid(48efc3760d51645329779dabd538be0c) Importer(815301076,1909f56bfc062723c751e8b465ee728b)
Start importing Assets/UnityTechnologies/TowerDefenseTemplate/Materials/Units/TankBoss_Orange_Albedo_V001.mat using Guid(48efc3760d51645329779dabd538be0c) Importer(815301076,1909f56bfc062723c751e8b465ee728b)  -> (artifact id: 'f169327b778bd1e5b89909180b41fa37') in 0.015610 seconds
Number of updated asset objects reloaded before import = 0
Number of asset objects unloaded after import = 2
========================================================================
Received Import Request.
  Time since last request: 0.000023 seconds.
  path: Assets/UnityTechnologies/TowerDefenseTemplate/Materials/Particles/LaserBeam.mat
  artifactKey: Guid(a9a5ed9e4d3114c74b9733f0485da335) Importer(815301076,1909f56bfc062723c751e8b465ee728b)
Start importing Assets/UnityTechnologies/TowerDefenseTemplate/Materials/Particles/LaserBeam.mat using Guid(a9a5ed9e4d3114c74b9733f0485da335) Importer(815301076,1909f56bfc062723c751e8b465ee728b)  -> (artifact id: '9ad9a8f4b8e50f50b60cbd74efe6dd21') in 0.014764 seconds
Number of updated asset objects reloaded before import = 0
Number of asset objects unloaded after import = 2
========================================================================
Received Import Request.
  Time since last request: 0.000020 seconds.
  path: Assets/UnityTechnologies/TowerDefenseTemplate/Materials/Towers/Rocket/Rocket_Tower_L03_Texture_V003.mat
  artifactKey: Guid(1516d145af6a74a2c9a24b3333dc64b2) Importer(815301076,1909f56bfc062723c751e8b465ee728b)
Start importing Assets/UnityTechnologies/TowerDefenseTemplate/Materials/Towers/Rocket/Rocket_Tower_L03_Texture_V003.mat using Guid(1516d145af6a74a2c9a24b3333dc64b2) Importer(815301076,1909f56bfc062723c751e8b465ee728b)  -> (artifact id: '9fc678660088b9432aaaeec00ffeb4d0') in 0.014390 seconds
Number of updated asset objects reloaded before import = 0
Number of asset objects unloaded after import = 2
========================================================================
Received Import Request.
  Time since last request: 0.000020 seconds.
  path: Assets/UnityTechnologies/TowerDefenseTemplate/PostProcessing/Utilities/CustomMotionTexture/Materials/DebugQuad.mat
  artifactKey: Guid(3c40c8fdc50a841579d7cb15882ac9d9) Importer(815301076,1909f56bfc062723c751e8b465ee728b)
Start importing Assets/UnityTechnologies/TowerDefenseTemplate/PostProcessing/Utilities/CustomMotionTexture/Materials/DebugQuad.mat using Guid(3c40c8fdc50a841579d7cb15882ac9d9) Importer(815301076,1909f56bfc062723c751e8b465ee728b)  -> (artifact id: '00ebe1942f09affbc5c75ce114fa6c0c') in 0.034697 seconds
Number of updated asset objects reloaded before import = 0
Number of asset objects unloaded after import = 2
========================================================================
Received Import Request.
  Time since last request: 0.000018 seconds.
  path: Assets/UnityTechnologies/TowerDefenseTemplate/Materials/Towers/EMP Tower/EMP_Tower_level_2_tex_v001.mat
  artifactKey: Guid(1746bc6cb1bbc4c838b0dc492b4d195c) Importer(815301076,1909f56bfc062723c751e8b465ee728b)
Start importing Assets/UnityTechnologies/TowerDefenseTemplate/Materials/Towers/EMP Tower/EMP_Tower_level_2_tex_v001.mat using Guid(1746bc6cb1bbc4c838b0dc492b4d195c) Importer(815301076,1909f56bfc062723c751e8b465ee728b)  -> (artifact id: '97b113662a5b9039ec3b1cfc01511eee') in 0.015245 seconds
Number of updated asset objects reloaded before import = 0
Number of asset objects unloaded after import = 2
========================================================================
Received Import Request.
  Time since last request: 0.000016 seconds.
  path: Assets/UnityTechnologies/TowerDefenseTemplate/Materials/Particles/explosion_Smoke_3.mat
  artifactKey: Guid(35e327ac964fe4aff99b3209d04290fb) Importer(815301076,1909f56bfc062723c751e8b465ee728b)
Start importing Assets/UnityTechnologies/TowerDefenseTemplate/Materials/Particles/explosion_Smoke_3.mat using Guid(35e327ac964fe4aff99b3209d04290fb) Importer(815301076,1909f56bfc062723c751e8b465ee728b)  -> (artifact id: '92bbd0afa03999b6478c387402f69a37') in 0.036206 seconds
Number of updated asset objects reloaded before import = 0
Number of asset objects unloaded after import = 2
========================================================================
Received Import Request.
  Time since last request: 0.000023 seconds.
  path: Assets/UnityTechnologies/TowerDefenseTemplate/Materials/Towers/EMP Tower/EMP_Tower_level_1_tex_v001.mat
  artifactKey: Guid(a946c0e0594604ba194f28022bbc3b9d) Importer(815301076,1909f56bfc062723c751e8b465ee728b)
Start importing Assets/UnityTechnologies/TowerDefenseTemplate/Materials/Towers/EMP Tower/EMP_Tower_level_1_tex_v001.mat using Guid(a946c0e0594604ba194f28022bbc3b9d) Importer(815301076,1909f56bfc062723c751e8b465ee728b)  -> (artifact id: '9562ffbf636350ddb1b93d47214f8530') in 0.016356 seconds
Number of updated asset objects reloaded before import = 0
Number of asset objects unloaded after import = 2
========================================================================
Received Import Request.
  Time since last request: 0.000018 seconds.
  path: Assets/UnityTechnologies/TowerDefenseTemplate/Materials/Units/TankBasic_Albedo_V001.mat
  artifactKey: Guid(592800eaa57a9407a91c20aead2b3d03) Importer(815301076,1909f56bfc062723c751e8b465ee728b)
Start importing Assets/UnityTechnologies/TowerDefenseTemplate/Materials/Units/TankBasic_Albedo_V001.mat using Guid(592800eaa57a9407a91c20aead2b3d03) Importer(815301076,1909f56bfc062723c751e8b465ee728b)  -> (artifact id: '0f4710d44fad552f322bdf30664f278c') in 0.014681 seconds
Number of updated asset objects reloaded before import = 0
Number of asset objects unloaded after import = 2
========================================================================
Received Import Request.
  Time since last request: 0.000020 seconds.
  path: Assets/UnityTechnologies/TowerDefenseTemplate/Materials/Levels/Level01_Environment.mat
  artifactKey: Guid(7aec95210fbee42c4bdb81634224facf) Importer(815301076,1909f56bfc062723c751e8b465ee728b)
Start importing Assets/UnityTechnologies/TowerDefenseTemplate/Materials/Levels/Level01_Environment.mat using Guid(7aec95210fbee42c4bdb81634224facf) Importer(815301076,1909f56bfc062723c751e8b465ee728b)  -> (artifact id: '2e1ed960008443e5055b5b285f9cdc4b') in 0.012898 seconds
Number of updated asset objects reloaded before import = 0
Number of asset objects unloaded after import = 1
========================================================================
Received Import Request.
  Time since last request: 0.000042 seconds.
  path: Assets/UnityTechnologies/TowerDefenseTemplate/Materials/UI/RadiusVisualiser.mat
  artifactKey: Guid(855893e92f3cf4555aad85c898c241d0) Importer(815301076,1909f56bfc062723c751e8b465ee728b)
Start importing Assets/UnityTechnologies/TowerDefenseTemplate/Materials/UI/RadiusVisualiser.mat using Guid(855893e92f3cf4555aad85c898c241d0) Importer(815301076,1909f56bfc062723c751e8b465ee728b)  -> (artifact id: '4e9bb2a88862028035ef6df88450ab39') in 0.055620 seconds
Number of updated asset objects reloaded before import = 0
Number of asset objects unloaded after import = 2
========================================================================
Received Import Request.
  Time since last request: 15.883956 seconds.
  path: Assets/UnityTechnologies/TowerDefenseTemplate/Audio/SFX/Tower Destruction/Destruction 3.wav
  artifactKey: Guid(6c7cd8002b13e4ca1974cb33ed5bd19c) Importer(815301076,1909f56bfc062723c751e8b465ee728b)
Start importing Assets/UnityTechnologies/TowerDefenseTemplate/Audio/SFX/Tower Destruction/Destruction 3.wav using Guid(6c7cd8002b13e4ca1974cb33ed5bd19c) Importer(815301076,1909f56bfc062723c751e8b465ee728b)  -> (artifact id: '719ae3a94230487b590b8ea906e11c08') in 0.026351 seconds
Number of updated asset objects reloaded before import = 0
Number of asset objects unloaded after import = 2
========================================================================
Received Import Request.
  Time since last request: 0.003122 seconds.
  path: Assets/UnityTechnologies/TowerDefenseTemplate/Audio/SFX/Enemies Exploding/Enemies Exploding 3.wav
  artifactKey: Guid(ded8dc755033747d1b684ba9ec6ebfb1) Importer(815301076,1909f56bfc062723c751e8b465ee728b)
Start importing Assets/UnityTechnologies/TowerDefenseTemplate/Audio/SFX/Enemies Exploding/Enemies Exploding 3.wav using Guid(ded8dc755033747d1b684ba9ec6ebfb1) Importer(815301076,1909f56bfc062723c751e8b465ee728b)  -> (artifact id: '5553cc790502deb919bda034e3dc75b2') in 0.010460 seconds
Number of updated asset objects reloaded before import = 0
Number of asset objects unloaded after import = 2
========================================================================
Received Import Request.
  Time since last request: 0.011927 seconds.
  path: Assets/DDSystem/Demo/Sound/haha.wav
  artifactKey: Guid(7796b54b22f7f02439fc159ff0ec2b7c) Importer(815301076,1909f56bfc062723c751e8b465ee728b)
Start importing Assets/DDSystem/Demo/Sound/haha.wav using Guid(7796b54b22f7f02439fc159ff0ec2b7c) Importer(815301076,1909f56bfc062723c751e8b465ee728b)  -> (artifact id: 'd48963f72da9973d0e48fd6663bba2af') in 0.011764 seconds
Number of updated asset objects reloaded before import = 0
Number of asset objects unloaded after import = 2
========================================================================
Received Import Request.
  Time since last request: 0.000014 seconds.
  path: Assets/UnityTechnologies/TowerDefenseTemplate/Audio/SFX/Towers/MachineGun/MG 1.wav
  artifactKey: Guid(d440c9f7407a04474bf738520785306b) Importer(815301076,1909f56bfc062723c751e8b465ee728b)
Start importing Assets/UnityTechnologies/TowerDefenseTemplate/Audio/SFX/Towers/MachineGun/MG 1.wav using Guid(d440c9f7407a04474bf738520785306b) Importer(815301076,1909f56bfc062723c751e8b465ee728b)  -> (artifact id: '8927b4f51d998336598c351a4b302d77') in 0.011339 seconds
Number of updated asset objects reloaded before import = 0
Number of asset objects unloaded after import = 2
========================================================================
Received Import Request.
  Time since last request: 0.000032 seconds.
  path: Assets/UnityTechnologies/TowerDefenseTemplate/Audio/SFX/Towers/MachineGun/MG 12.wav
  artifactKey: Guid(ebde808a5205d444193394a272542f85) Importer(815301076,1909f56bfc062723c751e8b465ee728b)
Start importing Assets/UnityTechnologies/TowerDefenseTemplate/Audio/SFX/Towers/MachineGun/MG 12.wav using Guid(ebde808a5205d444193394a272542f85) Importer(815301076,1909f56bfc062723c751e8b465ee728b)  -> (artifact id: '9de3e6a7d833135bc223cb21edb1efa2') in 0.011500 seconds
Number of updated asset objects reloaded before import = 0
Number of asset objects unloaded after import = 2
========================================================================
Received Import Request.
  Time since last request: 0.000036 seconds.
  path: Assets/UnityTechnologies/TowerDefenseTemplate/Audio/SFX/Towers/MachineGun/MG 7.wav
  artifactKey: Guid(4442df31c446a4ff4ac434e95e5de866) Importer(815301076,1909f56bfc062723c751e8b465ee728b)
Start importing Assets/UnityTechnologies/TowerDefenseTemplate/Audio/SFX/Towers/MachineGun/MG 7.wav using Guid(4442df31c446a4ff4ac434e95e5de866) Importer(815301076,1909f56bfc062723c751e8b465ee728b)  -> (artifact id: '8062608f7311b385d7cf14d9de826ba0') in 0.011857 seconds
Number of updated asset objects reloaded before import = 0
Number of asset objects unloaded after import = 2
========================================================================
Received Import Request.
  Time since last request: 0.000020 seconds.
  path: Assets/UnityTechnologies/TowerDefenseTemplate/Audio/SFX/Towers/SuperTower/Super Tower Shot 7.wav
  artifactKey: Guid(83f515b3e0b9d48f2867c08c49b787f4) Importer(815301076,1909f56bfc062723c751e8b465ee728b)
Start importing Assets/UnityTechnologies/TowerDefenseTemplate/Audio/SFX/Towers/SuperTower/Super Tower Shot 7.wav using Guid(83f515b3e0b9d48f2867c08c49b787f4) Importer(815301076,1909f56bfc062723c751e8b465ee728b)  -> (artifact id: 'ffdb8672d00e2a18855f0d9cc14f1993') in 0.011088 seconds
Number of updated asset objects reloaded before import = 0
Number of asset objects unloaded after import = 2
========================================================================
Received Import Request.
  Time since last request: 0.000039 seconds.
  path: Assets/UnityTechnologies/TowerDefenseTemplate/Audio/SFX/Towers/SuperTower/Super Tower Shot 5.wav
  artifactKey: Guid(5ae744e8eed7a400b9acdf6d118e7323) Importer(815301076,1909f56bfc062723c751e8b465ee728b)
Start importing Assets/UnityTechnologies/TowerDefenseTemplate/Audio/SFX/Towers/SuperTower/Super Tower Shot 5.wav using Guid(5ae744e8eed7a400b9acdf6d118e7323) Importer(815301076,1909f56bfc062723c751e8b465ee728b)  -> (artifact id: '4d3e49f8941acc5d3ddf1775de558d9d') in 0.011287 seconds
Number of updated asset objects reloaded before import = 0
Number of asset objects unloaded after import = 2
========================================================================
Received Import Request.
  Time since last request: 0.000038 seconds.
  path: Assets/UnityTechnologies/TowerDefenseTemplate/Audio/SFX/Towers/SuperTower/Super Tower Shot 2.wav
  artifactKey: Guid(bfc83a94c61ea44ccb7a2470d50b5f10) Importer(815301076,1909f56bfc062723c751e8b465ee728b)
Start importing Assets/UnityTechnologies/TowerDefenseTemplate/Audio/SFX/Towers/SuperTower/Super Tower Shot 2.wav using Guid(bfc83a94c61ea44ccb7a2470d50b5f10) Importer(815301076,1909f56bfc062723c751e8b465ee728b)  -> (artifact id: '39ca8db40061f6930c7af82e9b9191a4') in 0.010431 seconds
Number of updated asset objects reloaded before import = 0
Number of asset objects unloaded after import = 2
========================================================================
Received Import Request.
  Time since last request: 0.000022 seconds.
  path: Assets/UnityTechnologies/TowerDefenseTemplate/Audio/UI/TD Tower Upgrade.wav
  artifactKey: Guid(ceddc15e2d07b4a65bdb173d7eb22830) Importer(815301076,1909f56bfc062723c751e8b465ee728b)
Start importing Assets/UnityTechnologies/TowerDefenseTemplate/Audio/UI/TD Tower Upgrade.wav using Guid(ceddc15e2d07b4a65bdb173d7eb22830) Importer(815301076,1909f56bfc062723c751e8b465ee728b)  -> (artifact id: '350157c7bd1e807a91dbd6224cc0ba6f') in 0.047952 seconds
Number of updated asset objects reloaded before import = 0
Number of asset objects unloaded after import = 2
========================================================================
Received Import Request.
  Time since last request: 0.000014 seconds.
  path: Assets/UnityTechnologies/TowerDefenseTemplate/Audio/SFX/Towers/MachineGun/MG 8.wav
  artifactKey: Guid(5a6ca7a364e294886845ab3c268ea63e) Importer(815301076,1909f56bfc062723c751e8b465ee728b)
Start importing Assets/UnityTechnologies/TowerDefenseTemplate/Audio/SFX/Towers/MachineGun/MG 8.wav using Guid(5a6ca7a364e294886845ab3c268ea63e) Importer(815301076,1909f56bfc062723c751e8b465ee728b)  -> (artifact id: '550475b0bdef8cd309207556eb937970') in 0.101710 seconds
Number of updated asset objects reloaded before import = 0
Number of asset objects unloaded after import = 2
Editor requested this worker to shutdown with reason: Scaling down because of idle timeout
TcpMessagingSession - receive error: operation aborted. errorcode: 995, details: The I/O operation has been aborted because of either a thread exit or an application request.
AssetImportWorker is now disconnected from the server
Process exiting
Exiting without the bug reporter. Application will terminate with return code 0